TN:
SF:src/activate/activate.controller.ts
FN:21,ActivateController
FN:33,activate
FNF:2
FNH:2
FNDA:24,ActivateController
FNDA:6,activate
DA:1,1
DA:2,1
DA:3,1
DA:4,1
DA:5,1
DA:6,1
DA:7,1
DA:8,1
DA:9,1
DA:10,1
DA:11,1
DA:12,1
DA:13,1
DA:14,1
DA:15,1
DA:16,1
DA:17,1
DA:18,1
DA:19,1
DA:20,1
DA:21,1
DA:22,1
DA:23,1
DA:24,1
DA:25,1
DA:26,1
DA:27,1
DA:28,1
DA:29,1
DA:30,1
DA:31,1
DA:32,1
DA:33,1
DA:34,6
DA:35,6
DA:36,1
LF:36
LH:36
BRDA:21,0,0,24
BRDA:33,1,0,6
BRF:2
BRH:2
end_of_record
TN:
SF:src/activate/activate.service.ts
FN:14,ActivateService
FN:23,ActivateService.generateActivateMessage
FN:40,activate
FNF:3
FNH:3
FNDA:24,ActivateService
FNDA:9,ActivateService.generateActivateMessage
FNDA:6,activate
DA:1,1
DA:2,1
DA:3,1
DA:4,1
DA:5,1
DA:6,1
DA:7,1
DA:8,1
DA:9,1
DA:10,1
DA:11,1
DA:12,1
DA:13,1
DA:14,1
DA:15,24
DA:16,24
DA:17,24
DA:18,24
DA:19,1
DA:20,1
DA:21,1
DA:22,1
DA:23,1
DA:24,9
DA:25,9
DA:26,9
DA:27,9
DA:28,9
DA:29,9
DA:30,9
DA:31,9
DA:32,9
DA:33,9
DA:34,1
DA:35,1
DA:36,1
DA:37,1
DA:38,1
DA:39,1
DA:40,1
DA:41,6
DA:42,6
DA:43,6
DA:44,6
DA:45,6
DA:46,6
DA:47,6
DA:48,6
DA:49,6
DA:50,6
DA:51,6
DA:52,6
DA:53,6
DA:54,6
DA:55,5
DA:56,5
DA:57,6
DA:58,4
DA:59,4
DA:60,6
DA:61,4
DA:62,4
DA:63,4
DA:64,4
DA:65,4
DA:66,4
DA:67,4
DA:68,4
DA:69,4
DA:70,4
DA:71,4
DA:72,4
DA:73,4
DA:74,6
DA:75,1
DA:76,1
DA:77,6
DA:78,2
DA:79,2
DA:80,2
DA:81,2
DA:82,2
DA:83,2
DA:84,6
DA:85,6
DA:86,6
DA:87,6
DA:88,6
DA:89,6
DA:90,6
DA:91,2
DA:92,2
DA:93,2
DA:94,2
DA:95,2
DA:96,2
DA:97,2
DA:98,2
DA:99,2
DA:100,2
DA:101,2
DA:102,2
DA:103,2
DA:104,2
DA:105,6
DA:106,0
DA:107,0
DA:108,2
DA:109,2
DA:110,2
DA:111,2
DA:112,2
DA:113,2
DA:114,2
DA:115,2
DA:116,2
DA:117,2
DA:118,2
DA:119,1
LF:119
LH:117
BRDA:14,0,0,24
BRDA:23,1,0,9
BRDA:40,2,0,6
BRDA:44,3,0,0
BRDA:54,4,0,1
BRDA:55,5,0,5
BRDA:57,6,0,1
BRDA:58,7,0,4
BRDA:60,8,0,0
BRDA:61,9,0,4
BRDA:74,10,0,1
BRDA:77,11,0,2
BRDA:83,12,0,0
BRDA:90,13,0,0
BRDA:90,14,0,2
BRDA:105,15,0,0
BRDA:108,16,0,2
BRF:17
BRH:12
end_of_record
TN:
SF:src/api-key/api-key.controller.ts
FN:32,ApiKeyController
FN:44,createApiKey
FN:61,findAll
FN:77,findOne
FN:95,updateApiKeyDescription
FN:114,revokeApiKey
FNF:6
FNH:6
FNDA:24,ApiKeyController
FNDA:10,createApiKey
FNDA:1,findAll
FNDA:2,findOne
FNDA:1,updateApiKeyDescription
FNDA:2,revokeApiKey
DA:1,1
DA:2,1
DA:3,1
DA:4,1
DA:5,1
DA:6,1
DA:7,1
DA:8,1
DA:9,1
DA:10,1
DA:11,1
DA:12,1
DA:13,1
DA:14,1
DA:15,1
DA:16,1
DA:17,1
DA:18,1
DA:19,1
DA:20,1
DA:21,1
DA:22,1
DA:23,1
DA:24,1
DA:25,1
DA:26,1
DA:27,1
DA:28,1
DA:29,1
DA:30,1
DA:31,1
DA:32,1
DA:33,1
DA:34,1
DA:35,1
DA:36,1
DA:37,1
DA:38,1
DA:39,1
DA:40,1
DA:41,1
DA:42,1
DA:43,1
DA:44,1
DA:45,10
DA:46,10
DA:47,10
DA:48,10
DA:49,1
DA:50,1
DA:51,1
DA:52,1
DA:53,1
DA:54,1
DA:55,1
DA:56,1
DA:57,1
DA:58,1
DA:59,1
DA:60,1
DA:61,1
DA:62,1
DA:63,1
DA:64,1
DA:65,1
DA:66,1
DA:67,1
DA:68,1
DA:69,1
DA:70,1
DA:71,1
DA:72,1
DA:73,1
DA:74,1
DA:75,1
DA:76,1
DA:77,1
DA:78,2
DA:79,2
DA:80,2
DA:81,2
DA:82,1
DA:83,1
DA:84,1
DA:85,1
DA:86,1
DA:87,1
DA:88,1
DA:89,1
DA:90,1
DA:91,1
DA:92,1
DA:93,1
DA:94,1
DA:95,1
DA:96,1
DA:97,1
DA:98,1
DA:99,1
DA:100,1
DA:101,1
DA:102,1
DA:103,1
DA:104,1
DA:105,1
DA:106,1
DA:107,1
DA:108,1
DA:109,1
DA:110,1
DA:111,1
DA:112,1
DA:113,1
DA:114,1
DA:115,2
DA:116,2
DA:117,2
DA:118,2
DA:119,1
LF:119
LH:119
BRDA:32,0,0,24
BRDA:44,1,0,10
BRDA:61,2,0,1
BRDA:77,3,0,2
BRDA:95,4,0,1
BRDA:114,5,0,2
BRF:6
BRH:6
end_of_record
TN:
SF:src/api-key/api-key.service.ts
FN:17,ApiKeyService
FN:28,getModel
FN:38,createApiKey
FN:68,findOne
FN:81,findOneByHash
FN:93,findAll
FN:105,updateDescription
FN:124,revoke
FNF:8
FNH:8
FNDA:24,ApiKeyService
FNDA:13,getModel
FNDA:11,createApiKey
FNDA:4,findOne
FNDA:1,findOneByHash
FNDA:1,findAll
FNDA:1,updateDescription
FNDA:2,revoke
DA:1,1
DA:2,1
DA:3,1
DA:4,1
DA:5,1
DA:6,1
DA:7,1
DA:8,1
DA:9,1
DA:10,1
DA:11,1
DA:12,1
DA:13,1
DA:14,1
DA:15,1
DA:16,1
DA:17,1
DA:18,24
DA:19,24
DA:20,24
DA:21,24
DA:22,24
DA:23,1
DA:24,1
DA:25,1
DA:26,1
DA:27,1
DA:28,1
DA:29,13
DA:30,13
DA:31,1
DA:32,1
DA:33,1
DA:34,1
DA:35,1
DA:36,1
DA:37,1
DA:38,1
DA:39,11
DA:40,11
DA:41,11
DA:42,11
DA:43,11
DA:44,11
DA:45,11
DA:46,11
DA:47,11
DA:48,11
DA:49,11
DA:50,11
DA:51,11
DA:52,11
DA:53,11
DA:54,11
DA:55,11
DA:56,11
DA:57,11
DA:58,11
DA:59,11
DA:60,11
DA:61,11
DA:62,1
DA:63,1
DA:64,1
DA:65,1
DA:66,1
DA:67,1
DA:68,1
DA:69,4
DA:70,4
DA:71,1
DA:72,1
DA:73,3
DA:74,3
DA:75,1
DA:76,1
DA:77,1
DA:78,1
DA:79,1
DA:80,1
DA:81,1
DA:82,1
DA:83,1
DA:84,0
DA:85,0
DA:86,1
DA:87,1
DA:88,1
DA:89,1
DA:90,1
DA:91,1
DA:92,1
DA:93,1
DA:94,1
DA:95,1
DA:96,1
DA:97,1
DA:98,1
DA:99,1
DA:100,1
DA:101,1
DA:102,1
DA:103,1
DA:104,1
DA:105,1
DA:106,1
DA:107,1
DA:108,1
DA:109,1
DA:110,1
DA:111,0
DA:112,0
DA:113,1
DA:114,1
DA:115,1
DA:116,1
DA:117,1
DA:118,1
DA:119,1
DA:120,1
DA:121,1
DA:122,1
DA:123,1
DA:124,1
DA:125,2
DA:126,2
DA:127,2
DA:128,2
DA:129,2
DA:130,2
DA:131,2
DA:132,2
DA:133,2
DA:134,2
DA:135,1
LF:135
LH:131
BRDA:17,0,0,24
BRDA:28,1,0,13
BRDA:38,2,0,11
BRDA:68,3,0,4
BRDA:70,4,0,1
BRDA:73,5,0,3
BRDA:81,6,0,1
BRDA:83,7,0,0
BRDA:93,8,0,1
BRDA:95,9,0,3
BRDA:105,10,0,1
BRDA:110,11,0,0
BRDA:124,12,0,2
BRF:13
BRH:11
end_of_record
TN:
SF:src/api-key/dto/create-api-key-response.ts
FNF:0
FNH:0
DA:1,1
DA:2,1
DA:3,1
DA:4,1
DA:5,1
DA:6,1
DA:7,1
DA:8,1
DA:9,1
DA:10,1
LF:10
LH:10
BRF:0
BRH:0
end_of_record
TN:
SF:src/auth/auth.controller.ts
FN:15,AuthController
FN:30,nonce
FN:63,login
FNF:3
FNH:3
FNDA:24,AuthController
FNDA:43,nonce
FNDA:41,login
DA:1,1
DA:2,1
DA:3,1
DA:4,1
DA:5,1
DA:6,1
DA:7,1
DA:8,1
DA:9,1
DA:10,1
DA:11,1
DA:12,1
DA:13,1
DA:14,1
DA:15,1
DA:16,1
DA:17,1
DA:18,1
DA:19,1
DA:20,1
DA:21,1
DA:22,1
DA:23,1
DA:24,1
DA:25,1
DA:26,1
DA:27,1
DA:28,1
DA:29,1
DA:30,1
DA:31,43
DA:32,43
DA:33,43
DA:34,43
DA:35,43
DA:36,43
DA:37,43
DA:38,43
DA:39,43
DA:40,43
DA:41,43
DA:42,43
DA:43,0
DA:44,0
DA:45,1
DA:46,1
DA:47,1
DA:48,1
DA:49,1
DA:50,1
DA:51,1
DA:52,1
DA:53,1
DA:54,1
DA:55,1
DA:56,1
DA:57,1
DA:58,1
DA:59,1
DA:60,1
DA:61,1
DA:62,1
DA:63,1
DA:64,41
DA:65,41
DA:66,41
DA:67,41
DA:68,41
DA:69,41
DA:70,41
DA:71,41
DA:72,41
DA:73,41
DA:74,1
LF:74
LH:72
BRDA:15,0,0,24
BRDA:30,1,0,43
BRDA:43,2,0,0
BRDA:63,3,0,41
BRF:4
BRH:3
end_of_record
TN:
SF:src/auth/eth-signature.service.ts
FN:20,EthSignatureService
FN:32,generateUserNonce
FN:60,generateLoginMessage
FN:74,login
FNF:4
FNH:4
FNDA:24,EthSignatureService
FNDA:43,generateUserNonce
FNDA:80,generateLoginMessage
FNDA:41,login
DA:1,1
DA:2,1
DA:3,1
DA:4,1
DA:5,1
DA:6,1
DA:7,1
DA:8,1
DA:9,1
DA:10,1
DA:11,1
DA:12,1
DA:13,1
DA:14,1
DA:15,1
DA:16,1
DA:17,1
DA:18,1
DA:19,1
DA:20,1
DA:21,24
DA:22,24
DA:23,24
DA:24,24
DA:25,1
DA:26,1
DA:27,1
DA:28,1
DA:29,1
DA:30,1
DA:31,1
DA:32,1
DA:33,43
DA:34,43
DA:35,43
DA:36,43
DA:37,43
DA:38,43
DA:39,37
DA:40,43
DA:41,6
DA:42,6
DA:43,6
DA:44,6
DA:45,6
DA:46,6
DA:47,6
DA:48,6
DA:49,6
DA:50,6
DA:51,43
DA:52,1
DA:53,1
DA:54,1
DA:55,1
DA:56,1
DA:57,1
DA:58,1
DA:59,1
DA:60,1
DA:61,80
DA:62,80
DA:63,80
DA:64,80
DA:65,80
DA:66,80
DA:67,1
DA:68,1
DA:69,1
DA:70,1
DA:71,1
DA:72,1
DA:73,1
DA:74,1
DA:75,41
DA:76,41
DA:77,41
DA:78,41
DA:79,41
DA:80,41
DA:81,41
DA:82,41
DA:83,0
DA:84,0
DA:85,0
DA:86,0
DA:87,0
DA:88,41
DA:89,41
DA:90,41
DA:91,0
DA:92,0
DA:93,41
DA:94,41
DA:95,41
DA:96,41
DA:97,41
DA:98,41
DA:99,41
DA:100,41
DA:101,41
DA:102,41
DA:103,3
DA:104,3
DA:105,38
DA:106,38
DA:107,38
DA:108,38
DA:109,38
DA:110,38
DA:111,38
DA:112,38
DA:113,41
DA:114,41
DA:115,41
DA:116,41
DA:117,41
DA:118,41
DA:119,41
DA:120,41
DA:121,41
DA:122,41
DA:123,41
DA:124,41
DA:125,41
DA:126,38
DA:127,38
DA:128,38
DA:129,38
DA:130,38
DA:131,38
DA:132,38
DA:133,38
DA:134,1
LF:134
LH:127
BRDA:20,0,0,24
BRDA:32,1,0,43
BRDA:39,2,0,37
BRDA:40,3,0,6
BRDA:60,4,0,80
BRDA:74,5,0,41
BRDA:82,6,0,0
BRDA:90,7,0,0
BRDA:101,8,0,2
BRDA:102,9,0,3
BRDA:105,10,0,38
BRDA:113,11,0,0
BRDA:126,12,0,38
BRF:13
BRH:10
end_of_record
TN:
SF:src/auth/role-permissions.ts
FNF:0
FNH:0
DA:1,1
DA:2,1
DA:3,1
DA:4,1
DA:5,1
DA:6,1
DA:7,1
DA:8,1
DA:9,1
DA:10,1
DA:11,1
DA:12,1
DA:13,1
DA:14,1
DA:15,1
DA:16,1
DA:17,1
DA:18,1
DA:19,1
DA:20,1
DA:21,1
DA:22,1
DA:23,1
DA:24,1
DA:25,1
DA:26,1
DA:27,1
DA:28,1
DA:29,1
DA:30,1
DA:31,1
DA:32,1
DA:33,1
DA:34,1
DA:35,1
DA:36,1
DA:37,1
DA:38,1
DA:39,1
DA:40,1
DA:41,1
DA:42,1
DA:43,1
DA:44,1
DA:45,1
DA:46,1
DA:47,1
DA:48,1
DA:49,1
DA:50,1
DA:51,1
DA:52,1
DA:53,1
DA:54,1
DA:55,1
DA:56,1
DA:57,1
DA:58,1
DA:59,1
DA:60,1
DA:61,1
DA:62,1
DA:63,1
DA:64,1
DA:65,1
DA:66,1
DA:67,1
DA:68,1
DA:69,1
DA:70,1
DA:71,1
DA:72,1
DA:73,1
DA:74,1
DA:75,1
DA:76,1
DA:77,1
DA:78,1
DA:79,1
DA:80,1
DA:81,1
DA:82,1
DA:83,1
DA:84,1
DA:85,1
DA:86,1
DA:87,1
DA:88,1
DA:89,1
DA:90,1
DA:91,1
DA:92,1
DA:93,1
DA:94,1
DA:95,1
DA:96,1
DA:97,1
DA:98,1
DA:99,1
DA:100,1
DA:101,1
DA:102,1
DA:103,1
DA:104,1
DA:105,1
DA:106,1
DA:107,1
DA:108,1
DA:109,1
DA:110,1
DA:111,1
DA:112,1
DA:113,1
DA:114,1
DA:115,1
DA:116,1
DA:117,1
DA:118,1
DA:119,1
LF:119
LH:119
BRF:0
BRH:0
end_of_record
TN:
SF:src/auth/decorators/enforce-auth-and-permissions.decorator.ts
FN:10,EnforceAuthAndPermissions
FNF:1
FNH:1
FNDA:120,EnforceAuthAndPermissions
DA:1,1
DA:2,1
DA:3,1
DA:4,1
DA:5,1
DA:6,1
DA:7,1
DA:8,1
DA:9,1
DA:10,120
DA:11,120
DA:12,120
DA:13,120
DA:14,120
DA:15,120
DA:16,120
LF:16
LH:16
BRDA:10,0,0,120
BRF:1
BRH:1
end_of_record
TN:
SF:src/auth/decorators/permissions.decorator.ts
FN:9,Permissions
FNF:1
FNH:1
FNDA:624,Permissions
DA:1,1
DA:2,1
DA:3,1
DA:4,1
DA:5,1
DA:6,1
DA:7,1
DA:8,1
DA:9,1
DA:10,1
LF:10
LH:10
BRDA:9,0,0,624
BRF:1
BRH:1
end_of_record
TN:
SF:src/auth/guards/auth.guard.ts
FN:15,AuthGuard
FN:24,canActivateApiKey
FN:61,canActivateJwt
FN:93,canActivate
FNF:4
FNH:4
FNDA:240,AuthGuard
FNDA:316,canActivateApiKey
FNDA:313,canActivateJwt
FNDA:316,canActivate
DA:1,1
DA:2,1
DA:3,1
DA:4,1
DA:5,1
DA:6,1
DA:7,1
DA:8,1
DA:9,1
DA:10,1
DA:11,1
DA:12,1
DA:13,1
DA:14,1
DA:15,1
DA:16,240
DA:17,240
DA:18,240
DA:19,240
DA:20,1
DA:21,1
DA:22,1
DA:23,1
DA:24,1
DA:25,316
DA:26,316
DA:27,313
DA:28,313
DA:29,3
DA:30,3
DA:31,3
DA:32,5
DA:33,2
DA:34,2
DA:35,2
DA:36,2
DA:37,2
DA:38,2
DA:39,2
DA:40,2
DA:41,1
DA:42,1
DA:43,1
DA:44,1
DA:45,1
DA:46,1
DA:47,1
DA:48,1
DA:49,1
DA:50,1
DA:51,1
DA:52,1
DA:53,1
DA:54,1
DA:55,0
DA:56,0
DA:57,1
DA:58,1
DA:59,1
DA:60,1
DA:61,1
DA:62,313
DA:63,313
DA:64,34
DA:65,34
DA:66,279
DA:67,311
DA:68,2
DA:69,2
DA:70,277
DA:71,277
DA:72,277
DA:73,277
DA:74,276
DA:75,276
DA:76,276
DA:77,313
DA:78,313
DA:79,313
DA:80,0
DA:81,0
DA:82,276
DA:83,276
DA:84,311
DA:85,1
DA:86,1
DA:87,276
DA:88,276
DA:89,1
DA:90,1
DA:91,1
DA:92,1
DA:93,1
DA:94,316
DA:95,316
DA:96,316
DA:97,316
DA:98,313
DA:99,316
DA:100,279
DA:101,279
DA:102,37
DA:103,37
DA:104,1
LF:104
LH:100
BRDA:15,0,0,240
BRDA:24,1,0,316
BRDA:26,2,0,313
BRDA:29,3,0,5
BRDA:29,4,0,3
BRDA:32,5,0,2
BRDA:41,6,0,1
BRDA:55,7,0,0
BRDA:61,8,0,313
BRDA:63,9,0,311
BRDA:63,10,0,34
BRDA:66,11,0,279
BRDA:67,12,0,2
BRDA:70,13,0,279
BRDA:70,14,0,277
BRDA:74,15,0,276
BRDA:77,16,0,0
BRDA:79,17,0,311
BRDA:79,18,0,0
BRDA:82,19,0,276
BRDA:84,20,0,1
BRDA:87,21,0,276
BRDA:93,22,0,316
BRDA:97,23,0,313
BRDA:99,24,0,314
BRDA:99,25,0,279
BRDA:102,26,0,37
BRF:27
BRH:24
end_of_record
TN:
SF:src/auth/guards/permissions.guard.ts
FN:16,PermissionsGuard
FN:21,canActivate
FNF:2
FNH:2
FNDA:240,PermissionsGuard
FNDA:279,canActivate
DA:1,1
DA:2,1
DA:3,1
DA:4,1
DA:5,1
DA:6,1
DA:7,1
DA:8,1
DA:9,1
DA:10,1
DA:11,1
DA:12,1
DA:13,1
DA:14,1
DA:15,1
DA:16,1
DA:17,1
DA:18,1
DA:19,1
DA:20,1
DA:21,1
DA:22,279
DA:23,279
DA:24,279
DA:25,279
DA:26,279
DA:27,279
DA:28,279
DA:29,279
DA:30,0
DA:31,0
DA:32,279
DA:33,279
DA:34,279
DA:35,279
DA:36,0
DA:37,0
DA:38,0
DA:39,0
DA:40,0
DA:41,279
DA:42,279
DA:43,279
DA:44,406
DA:45,406
DA:46,406
DA:47,406
DA:48,406
DA:49,406
DA:50,262
DA:51,262
DA:52,406
DA:53,17
DA:54,17
DA:55,1
LF:55
LH:48
BRDA:16,0,0,240
BRDA:21,1,0,279
BRDA:29,2,0,0
BRDA:35,3,0,0
BRDA:43,4,0,406
BRDA:49,5,0,262
BRDA:53,6,0,17
BRDA:46,7,0,406
BRF:8
BRH:6
end_of_record
TN:
SF:src/community/community.controller.ts
FN:36,CommunityController
FN:47,create
FN:62,update
FN:77,findAll
FN:92,findOne
FN:107,linkDiscord
FNF:6
FNH:6
FNDA:24,CommunityController
FNDA:14,create
FNDA:11,update
FNDA:1,findAll
FNDA:1,findOne
FNDA:4,linkDiscord
DA:1,1
DA:2,1
DA:3,1
DA:4,1
DA:5,1
DA:6,1
DA:7,1
DA:8,1
DA:9,1
DA:10,1
DA:11,1
DA:12,1
DA:13,1
DA:14,1
DA:15,1
DA:16,1
DA:17,1
DA:18,1
DA:19,1
DA:20,1
DA:21,1
DA:22,1
DA:23,1
DA:24,1
DA:25,1
DA:26,1
DA:27,1
DA:28,1
DA:29,1
DA:30,1
DA:31,1
DA:32,1
DA:33,1
DA:34,1
DA:35,1
DA:36,1
DA:37,1
DA:38,1
DA:39,1
DA:40,1
DA:41,1
DA:42,1
DA:43,1
DA:44,1
DA:45,1
DA:46,1
DA:47,1
DA:48,14
DA:49,14
DA:50,14
DA:51,14
DA:52,1
DA:53,1
DA:54,1
DA:55,1
DA:56,1
DA:57,1
DA:58,1
DA:59,1
DA:60,1
DA:61,1
DA:62,1
DA:63,11
DA:64,11
DA:65,11
DA:66,11
DA:67,11
DA:68,1
DA:69,1
DA:70,1
DA:71,1
DA:72,1
DA:73,1
DA:74,1
DA:75,1
DA:76,1
DA:77,1
DA:78,1
DA:79,1
DA:80,1
DA:81,1
DA:82,1
DA:83,1
DA:84,1
DA:85,1
DA:86,1
DA:87,1
DA:88,1
DA:89,1
DA:90,1
DA:91,1
DA:92,1
DA:93,1
DA:94,1
DA:95,1
DA:96,1
DA:97,1
DA:98,1
DA:99,1
DA:100,1
DA:101,1
DA:102,1
DA:103,1
DA:104,1
DA:105,1
DA:106,1
DA:107,1
DA:108,4
DA:109,4
DA:110,4
DA:111,4
DA:112,4
DA:113,1
DA:114,1
DA:115,1
LF:115
LH:115
BRDA:36,0,0,24
BRDA:47,1,0,14
BRDA:62,2,0,11
BRDA:77,3,0,1
BRDA:92,4,0,1
BRDA:94,5,0,0
BRDA:107,6,0,4
BRF:7
BRH:6
end_of_record
TN:
SF:src/community/community.service.ts
FN:19,CommunityService
FN:137,CommunityService.generateLinkDiscordMessage
FN:28,getModel
FN:32,findOne
FN:36,findOneById
FN:45,findAllPaginated
FN:71,update
FN:90,create
FN:103,linkDiscord
FNF:9
FNH:9
FNDA:24,CommunityService
FNDA:6,CommunityService.generateLinkDiscordMessage
FNDA:78,getModel
FNDA:2,findOne
FNDA:1,findOneById
FNDA:1,findAllPaginated
FNDA:11,update
FNDA:14,create
FNDA:4,linkDiscord
DA:1,1
DA:2,1
DA:3,1
DA:4,1
DA:5,1
DA:6,1
DA:7,1
DA:8,1
DA:9,1
DA:10,1
DA:11,1
DA:12,1
DA:13,1
DA:14,1
DA:15,1
DA:16,1
DA:17,1
DA:18,1
DA:19,1
DA:20,24
DA:21,24
DA:22,24
DA:23,1
DA:24,1
DA:25,1
DA:26,1
DA:27,1
DA:28,1
DA:29,78
DA:30,78
DA:31,1
DA:32,1
DA:33,2
DA:34,2
DA:35,1
DA:36,1
DA:37,1
DA:38,1
DA:39,1
DA:40,1
DA:41,1
DA:42,1
DA:43,1
DA:44,1
DA:45,1
DA:46,1
DA:47,1
DA:48,1
DA:49,1
DA:50,1
DA:51,1
DA:52,1
DA:53,1
DA:54,1
DA:55,1
DA:56,1
DA:57,1
DA:58,1
DA:59,1
DA:60,1
DA:61,1
DA:62,1
DA:63,1
DA:64,1
DA:65,1
DA:66,1
DA:67,1
DA:68,1
DA:69,1
DA:70,1
DA:71,1
DA:72,11
DA:73,11
DA:74,11
DA:75,11
DA:76,11
DA:77,11
DA:78,11
DA:79,4
DA:80,4
DA:81,10
DA:82,10
DA:83,10
DA:84,10
DA:85,10
DA:86,10
DA:87,1
DA:88,1
DA:89,1
DA:90,1
DA:91,14
DA:92,14
DA:93,14
DA:94,14
DA:95,14
DA:96,14
DA:97,14
DA:98,14
DA:99,14
DA:100,3
DA:101,3
DA:102,1
DA:103,1
DA:104,4
DA:105,4
DA:106,4
DA:107,4
DA:108,4
DA:109,3
DA:110,4
DA:111,2
DA:112,2
DA:113,2
DA:114,2
DA:115,2
DA:116,2
DA:117,2
DA:118,2
DA:119,2
DA:120,2
DA:121,2
DA:122,2
DA:123,2
DA:124,2
DA:125,4
DA:126,1
DA:127,1
DA:128,1
DA:129,1
DA:130,1
DA:131,1
DA:132,1
DA:133,1
DA:134,1
DA:135,1
DA:136,1
DA:137,1
DA:138,6
DA:139,6
DA:140,6
DA:141,6
DA:142,6
DA:143,6
DA:144,6
DA:145,6
DA:146,6
DA:147,6
DA:148,1
DA:149,1
LF:149
LH:149
BRDA:19,0,0,24
BRDA:137,1,0,6
BRDA:28,2,0,78
BRDA:32,3,0,2
BRDA:36,4,0,1
BRDA:45,5,0,1
BRDA:53,6,0,0
BRDA:53,7,0,0
BRDA:66,8,0,0
BRDA:71,9,0,11
BRDA:77,10,0,0
BRDA:78,11,0,4
BRDA:81,12,0,10
BRDA:87,13,0,1
BRDA:90,14,0,14
BRDA:100,15,0,3
BRDA:103,16,0,4
BRDA:108,17,0,1
BRDA:109,18,0,3
BRDA:110,19,0,1
BRDA:111,20,0,2
BRDA:125,21,0,0
BRDA:125,22,0,2
BRDA:125,23,0,1
BRF:24
BRH:19
end_of_record
TN:
SF:src/community/enums/discord-link-state.ts
FNF:0
FNH:0
DA:1,12
DA:2,12
DA:3,12
DA:4,12
DA:5,12
DA:6,12
LF:6
LH:6
BRDA:1,0,0,12
BRF:1
BRH:1
end_of_record
TN:
SF:src/community/utils/assert-owners-include-creator.ts
FN:7,assertOwnersIncludeCreator
FNF:1
FNH:1
FNDA:18,assertOwnersIncludeCreator
DA:1,1
DA:2,1
DA:3,1
DA:4,1
DA:5,1
DA:6,1
DA:7,18
DA:8,18
DA:9,2
DA:10,2
DA:11,2
DA:12,2
DA:13,16
DA:14,16
LF:14
LH:14
BRDA:7,0,0,18
BRDA:8,1,0,2
BRDA:13,2,0,16
BRF:3
BRH:3
end_of_record
TN:
SF:src/community/utils/is-valid-community-name.ts
FN:11,isValidCommunityName
FNF:1
FNH:1
FNDA:48,isValidCommunityName
DA:1,1
DA:2,1
DA:3,1
DA:4,1
DA:5,1
DA:6,1
DA:7,1
DA:8,1
DA:9,1
DA:10,1
DA:11,48
DA:12,48
DA:13,48
DA:14,48
LF:14
LH:14
BRDA:11,0,0,48
BRF:1
BRH:1
end_of_record
TN:
SF:src/community/utils/is-valid-hostname.ts
FN:1,isValidHostname
FNF:1
FNH:1
FNDA:52,isValidHostname
DA:1,52
DA:2,52
DA:3,52
DA:4,52
DA:5,52
DA:6,52
DA:7,52
LF:7
LH:7
BRDA:1,0,0,52
BRDA:2,1,0,0
BRF:2
BRH:1
end_of_record
TN:
SF:src/community/utils/is-valid-owners.ts
FN:8,isValidOwners
FNF:1
FNH:1
FNDA:52,isValidOwners
DA:1,1
DA:2,1
DA:3,1
DA:4,1
DA:5,1
DA:6,1
DA:7,1
DA:8,52
DA:9,52
DA:10,100
DA:11,4
DA:12,4
DA:13,4
DA:14,4
DA:15,52
DA:16,52
DA:17,2
DA:18,2
DA:19,46
DA:20,46
LF:20
LH:20
BRDA:8,0,0,52
BRDA:16,1,0,2
BRDA:19,2,0,46
BRDA:9,3,0,100
BRDA:10,4,0,4
BRF:5
BRH:5
end_of_record
TN:
SF:src/constants/constants.provider.ts
FN:25,ConstantsProvider
FNF:1
FNH:1
FNDA:264,ConstantsProvider
DA:1,1
DA:2,1
DA:3,1
DA:4,1
DA:5,1
DA:6,1
DA:7,1
DA:8,1
DA:9,1
DA:10,1
DA:11,1
DA:12,1
DA:13,1
DA:14,1
DA:15,1
DA:16,1
DA:17,1
DA:18,1
DA:19,1
DA:20,1
DA:21,1
DA:22,1
DA:23,1
DA:24,1
DA:25,1
DA:26,264
DA:27,264
DA:28,264
DA:29,264
DA:30,264
LF:30
LH:30
BRDA:7,0,0,0
BRDA:14,1,0,0
BRDA:17,2,0,0
BRDA:19,3,0,0
BRDA:22,4,0,0
BRDA:25,5,0,264
BRF:6
BRH:1
end_of_record
TN:
SF:src/event-log/event-log.controller.ts
FN:26,EventLogController
FN:37,findAllPaginated
FN:52,types
FNF:3
FNH:3
FNDA:24,EventLogController
FNDA:1,findAllPaginated
FNDA:1,types
DA:1,1
DA:2,1
DA:3,1
DA:4,1
DA:5,1
DA:6,1
DA:7,1
DA:8,1
DA:9,1
DA:10,1
DA:11,1
DA:12,1
DA:13,1
DA:14,1
DA:15,1
DA:16,1
DA:17,1
DA:18,1
DA:19,1
DA:20,1
DA:21,1
DA:22,1
DA:23,1
DA:24,1
DA:25,1
DA:26,1
DA:27,1
DA:28,1
DA:29,1
DA:30,1
DA:31,1
DA:32,1
DA:33,1
DA:34,1
DA:35,1
DA:36,1
DA:37,1
DA:38,1
DA:39,1
DA:40,1
DA:41,1
DA:42,1
DA:43,1
DA:44,1
DA:45,1
DA:46,1
DA:47,1
DA:48,1
DA:49,1
DA:50,1
DA:51,1
DA:52,1
DA:53,1
DA:54,1
DA:55,1
LF:55
LH:55
BRDA:26,0,0,24
BRDA:37,1,0,1
BRDA:52,2,0,1
BRF:3
BRH:3
end_of_record
TN:
SF:src/event-log/event-log.service.ts
FN:21,EventLogService
FN:32,getModel
FN:40,getTypeModel
FN:44,logEvent
FN:75,findAllPaginated
FN:124,findTypes
FNF:6
FNH:6
FNDA:24,EventLogService
FNDA:13,getModel
FNDA:12,getTypeModel
FNDA:114,logEvent
FNDA:1,findAllPaginated
FNDA:1,findTypes
DA:1,1
DA:2,1
DA:3,1
DA:4,1
DA:5,1
DA:6,1
DA:7,1
DA:8,1
DA:9,1
DA:10,1
DA:11,1
DA:12,1
DA:13,1
DA:14,1
DA:15,1
DA:16,1
DA:17,1
DA:18,1
DA:19,1
DA:20,1
DA:21,1
DA:22,24
DA:23,24
DA:24,24
DA:25,24
DA:26,24
DA:27,1
DA:28,1
DA:29,1
DA:30,1
DA:31,1
DA:32,1
DA:33,13
DA:34,13
DA:35,1
DA:36,1
DA:37,1
DA:38,1
DA:39,1
DA:40,1
DA:41,12
DA:42,12
DA:43,1
DA:44,1
DA:45,114
DA:46,114
DA:47,114
DA:48,114
DA:49,114
DA:50,114
DA:51,114
DA:52,114
DA:53,114
DA:54,114
DA:55,114
DA:56,114
DA:57,114
DA:58,114
DA:59,114
DA:60,114
DA:61,114
DA:62,114
DA:63,114
DA:64,114
DA:65,114
DA:66,114
DA:67,113
DA:68,113
DA:69,1
DA:70,1
DA:71,1
DA:72,1
DA:73,1
DA:74,1
DA:75,1
DA:76,1
DA:77,1
DA:78,1
DA:79,1
DA:80,1
DA:81,1
DA:82,1
DA:83,0
DA:84,0
DA:85,0
DA:86,0
DA:87,0
DA:88,1
DA:89,1
DA:90,1
DA:91,0
DA:92,0
DA:93,0
DA:94,0
DA:95,0
DA:96,1
DA:97,1
DA:98,1
DA:99,1
DA:100,1
DA:101,1
DA:102,1
DA:103,1
DA:104,1
DA:105,1
DA:106,1
DA:107,1
DA:108,1
DA:109,1
DA:110,1
DA:111,1
DA:112,1
DA:113,1
DA:114,1
DA:115,1
DA:116,1
DA:117,1
DA:118,1
DA:119,1
DA:120,1
DA:121,1
DA:122,1
DA:123,1
DA:124,1
DA:125,1
DA:126,1
DA:127,1
LF:127
LH:117
BRDA:21,0,0,24
BRDA:32,1,0,13
BRDA:40,2,0,12
BRDA:44,3,0,114
BRDA:51,4,0,1
BRDA:51,5,0,113
BRDA:55,6,0,0
BRDA:56,7,0,1
BRDA:56,8,0,113
BRDA:56,9,0,43
BRDA:56,10,0,71
BRDA:60,11,0,1
BRDA:60,12,0,113
BRDA:60,13,0,43
BRDA:60,14,0,71
BRDA:67,15,0,113
BRDA:75,16,0,1
BRDA:82,17,0,0
BRDA:82,18,0,0
BRDA:82,19,0,0
BRDA:90,20,0,0
BRDA:90,21,0,0
BRDA:99,22,0,0
BRDA:119,23,0,0
BRDA:124,24,0,1
BRF:25
BRH:17
end_of_record
TN:
SF:src/event-log/enums/event-log-type-key.ts
FNF:0
FNH:0
DA:1,12
DA:2,12
DA:3,12
DA:4,12
DA:5,12
DA:6,12
DA:7,12
DA:8,12
DA:9,12
LF:9
LH:9
BRDA:1,0,0,12
BRF:1
BRH:1
end_of_record
TN:
SF:src/periods/periods.controller.ts
FN:53,PeriodsController
FN:69,export
FN:117,findAllPaginated
FN:133,findOne
FN:148,create
FN:164,update
FN:181,close
FN:199,praise
FN:220,praiseByReceiver
FN:242,praiseByGiver
FN:264,praiseByQuantifier
FN:283,verifyQuantifierPoolSize
FN:299,assignQuantifiers
FN:314,replaceQuantifier
FNF:14
FNH:10
FNDA:24,PeriodsController
FNDA:2,export
FNDA:2,findAllPaginated
FNDA:2,findOne
FNDA:5,create
FNDA:5,update
FNDA:4,close
FNDA:2,praise
FNDA:0,praiseByReceiver
FNDA:0,praiseByGiver
FNDA:0,praiseByQuantifier
FNDA:0,verifyQuantifierPoolSize
FNDA:11,assignQuantifiers
FNDA:9,replaceQuantifier
DA:1,1
DA:2,1
DA:3,1
DA:4,1
DA:5,1
DA:6,1
DA:7,1
DA:8,1
DA:9,1
DA:10,1
DA:11,1
DA:12,1
DA:13,1
DA:14,1
DA:15,1
DA:16,1
DA:17,1
DA:18,1
DA:19,1
DA:20,1
DA:21,1
DA:22,1
DA:23,1
DA:24,1
DA:25,1
DA:26,1
DA:27,1
DA:28,1
DA:29,1
DA:30,1
DA:31,1
DA:32,1
DA:33,1
DA:34,1
DA:35,1
DA:36,1
DA:37,1
DA:38,1
DA:39,1
DA:40,1
DA:41,1
DA:42,1
DA:43,1
DA:44,1
DA:45,1
DA:46,1
DA:47,1
DA:48,1
DA:49,1
DA:50,1
DA:51,1
DA:52,1
DA:53,1
DA:54,24
DA:55,24
DA:56,24
DA:57,1
DA:58,1
DA:59,1
DA:60,1
DA:61,1
DA:62,1
DA:63,1
DA:64,1
DA:65,1
DA:66,1
DA:67,1
DA:68,1
DA:69,1
DA:70,2
DA:71,2
DA:72,2
DA:73,2
DA:74,2
DA:75,2
DA:76,2
DA:77,2
DA:78,2
DA:79,2
DA:80,2
DA:81,2
DA:82,2
DA:83,2
DA:84,2
DA:85,1
DA:86,1
DA:87,1
DA:88,1
DA:89,1
DA:90,1
DA:91,1
DA:92,1
DA:93,1
DA:94,1
DA:95,1
DA:96,1
DA:97,1
DA:98,2
DA:99,2
DA:100,2
DA:101,2
DA:102,2
DA:103,2
DA:104,2
DA:105,2
DA:106,2
DA:107,1
DA:108,1
DA:109,1
DA:110,1
DA:111,1
DA:112,1
DA:113,1
DA:114,1
DA:115,1
DA:116,1
DA:117,1
DA:118,2
DA:119,2
DA:120,2
DA:121,2
DA:122,1
DA:123,1
DA:124,1
DA:125,1
DA:126,1
DA:127,1
DA:128,1
DA:129,1
DA:130,1
DA:131,1
DA:132,1
DA:133,1
DA:134,2
DA:135,2
DA:136,2
DA:137,2
DA:138,1
DA:139,1
DA:140,1
DA:141,1
DA:142,1
DA:143,1
DA:144,1
DA:145,1
DA:146,1
DA:147,1
DA:148,1
DA:149,5
DA:150,5
DA:151,5
DA:152,5
DA:153,1
DA:154,1
DA:155,1
DA:156,1
DA:157,1
DA:158,1
DA:159,1
DA:160,1
DA:161,1
DA:162,1
DA:163,1
DA:164,1
DA:165,5
DA:166,5
DA:167,5
DA:168,5
DA:169,5
DA:170,1
DA:171,1
DA:172,1
DA:173,1
DA:174,1
DA:175,1
DA:176,1
DA:177,1
DA:178,1
DA:179,1
DA:180,1
DA:181,1
DA:182,4
DA:183,4
DA:184,4
DA:185,4
DA:186,1
DA:187,1
DA:188,1
DA:189,1
DA:190,1
DA:191,1
DA:192,1
DA:193,1
DA:194,1
DA:195,1
DA:196,1
DA:197,1
DA:198,1
DA:199,1
DA:200,2
DA:201,2
DA:202,2
DA:203,2
DA:204,1
DA:205,1
DA:206,1
DA:207,1
DA:208,1
DA:209,1
DA:210,1
DA:211,1
DA:212,1
DA:213,1
DA:214,1
DA:215,1
DA:216,1
DA:217,1
DA:218,1
DA:219,1
DA:220,1
DA:221,0
DA:222,0
DA:223,0
DA:224,0
DA:225,0
DA:226,1
DA:227,1
DA:228,1
DA:229,1
DA:230,1
DA:231,1
DA:232,1
DA:233,1
DA:234,1
DA:235,1
DA:236,1
DA:237,1
DA:238,1
DA:239,1
DA:240,1
DA:241,1
DA:242,1
DA:243,0
DA:244,0
DA:245,0
DA:246,0
DA:247,0
DA:248,1
DA:249,1
DA:250,1
DA:251,1
DA:252,1
DA:253,1
DA:254,1
DA:255,1
DA:256,1
DA:257,1
DA:258,1
DA:259,1
DA:260,1
DA:261,1
DA:262,1
DA:263,1
DA:264,1
DA:265,0
DA:266,0
DA:267,0
DA:268,0
DA:269,0
DA:270,0
DA:271,0
DA:272,0
DA:273,1
DA:274,1
DA:275,1
DA:276,1
DA:277,1
DA:278,1
DA:279,1
DA:280,1
DA:281,1
DA:282,1
DA:283,1
DA:284,0
DA:285,0
DA:286,0
DA:287,0
DA:288,1
DA:289,1
DA:290,1
DA:291,1
DA:292,1
DA:293,1
DA:294,1
DA:295,1
DA:296,1
DA:297,1
DA:298,1
DA:299,1
DA:300,11
DA:301,11
DA:302,11
DA:303,11
DA:304,1
DA:305,1
DA:306,1
DA:307,1
DA:308,1
DA:309,1
DA:310,1
DA:311,1
DA:312,1
DA:313,1
DA:314,1
DA:315,9
DA:316,9
DA:317,9
DA:318,9
DA:319,9
DA:320,9
DA:321,9
DA:322,9
DA:323,1
LF:323
LH:301
BRDA:53,0,0,24
BRDA:69,1,0,2
BRDA:73,2,0,0
BRDA:84,3,0,1
BRDA:117,4,0,2
BRDA:133,5,0,2
BRDA:148,6,0,5
BRDA:164,7,0,5
BRDA:181,8,0,4
BRDA:199,9,0,2
BRDA:299,10,0,11
BRDA:314,11,0,9
BRF:12
BRH:11
end_of_record
TN:
SF:src/periods/services/period-assignments.service.ts
FN:38,PeriodAssignmentsService
FN:59,PeriodAssignmentsService.verifyQuantifierPoolSize
FN:101,PeriodAssignmentsService.assignQuantifiers
FN:189,PeriodAssignmentsService.replaceQuantifier
FN:348,PeriodAssignmentsService.assignQuantifiersDryRun
FN:393,PeriodAssignmentsService.prepareAssignmentsEvenly
FN:526,PeriodAssignmentsService.queryReceiversWithPraise
FN:560,PeriodAssignmentsService.queryQuantifierPoolRandomized
FN:592,PeriodAssignmentsService.generateAssignments
FN:692,PeriodAssignmentsService.verifyAssignments
FN:760,PeriodAssignmentsService.prepareAssignmentsByTargetPraiseCount
FN:817,PeriodAssignmentsService.isAnyPraiseAssigned
FN:847,PeriodAssignmentsService.getPeriodDateRangeQuery
FNF:13
FNH:12
FNDA:24,PeriodAssignmentsService
FNDA:0,PeriodAssignmentsService.verifyQuantifierPoolSize
FNDA:11,PeriodAssignmentsService.assignQuantifiers
FNDA:9,PeriodAssignmentsService.replaceQuantifier
FNDA:6,PeriodAssignmentsService.assignQuantifiersDryRun
FNDA:5,PeriodAssignmentsService.prepareAssignmentsEvenly
FNDA:6,PeriodAssignmentsService.queryReceiversWithPraise
FNDA:6,PeriodAssignmentsService.queryQuantifierPoolRandomized
FNDA:6,PeriodAssignmentsService.generateAssignments
FNDA:6,PeriodAssignmentsService.verifyAssignments
FNDA:1,PeriodAssignmentsService.prepareAssignmentsByTargetPraiseCount
FNDA:6,PeriodAssignmentsService.isAnyPraiseAssigned
FNDA:7,PeriodAssignmentsService.getPeriodDateRangeQuery
DA:1,1
DA:2,1
DA:3,1
DA:4,1
DA:5,1
DA:6,1
DA:7,1
DA:8,1
DA:9,1
DA:10,1
DA:11,1
DA:12,1
DA:13,1
DA:14,1
DA:15,1
DA:16,1
DA:17,1
DA:18,1
DA:19,1
DA:20,1
DA:21,1
DA:22,1
DA:23,1
DA:24,1
DA:25,1
DA:26,1
DA:27,1
DA:28,1
DA:29,1
DA:30,1
DA:31,1
DA:32,1
DA:33,1
DA:34,1
DA:35,1
DA:36,1
DA:37,1
DA:38,1
DA:39,24
DA:40,24
DA:41,24
DA:42,24
DA:43,24
DA:44,24
DA:45,24
DA:46,24
DA:47,24
DA:48,24
DA:49,24
DA:50,24
DA:51,24
DA:52,24
DA:53,1
DA:54,1
DA:55,1
DA:56,1
DA:57,1
DA:58,1
DA:59,1
DA:60,0
DA:61,0
DA:62,0
DA:63,0
DA:64,0
DA:65,0
DA:66,0
DA:67,0
DA:68,0
DA:69,0
DA:70,0
DA:71,0
DA:72,0
DA:73,0
DA:74,0
DA:75,0
DA:76,0
DA:77,0
DA:78,0
DA:79,0
DA:80,0
DA:81,0
DA:82,0
DA:83,0
DA:84,0
DA:85,0
DA:86,0
DA:87,0
DA:88,0
DA:89,0
DA:90,0
DA:91,0
DA:92,0
DA:93,0
DA:94,1
DA:95,1
DA:96,1
DA:97,1
DA:98,1
DA:99,1
DA:100,1
DA:101,1
DA:102,11
DA:103,11
DA:104,11
DA:105,10
DA:106,10
DA:107,10
DA:108,10
DA:109,10
DA:110,11
DA:111,1
DA:112,1
DA:113,9
DA:114,9
DA:115,11
DA:116,3
DA:117,3
DA:118,6
DA:119,6
DA:120,6
DA:121,11
DA:122,0
DA:123,0
DA:124,6
DA:125,6
DA:126,6
DA:127,6
DA:128,6
DA:129,6
DA:130,6
DA:131,6
DA:132,6
DA:133,6
DA:134,11
DA:135,0
DA:136,0
DA:137,6
DA:138,11
DA:139,0
DA:140,0
DA:141,0
DA:142,0
DA:143,0
DA:144,6
DA:145,6
DA:146,6
DA:147,6
DA:148,6
DA:149,18
DA:150,84
DA:151,84
DA:152,704
DA:153,704
DA:154,84
DA:155,18
DA:156,6
DA:157,6
DA:158,6
DA:159,6
DA:160,6
DA:161,11
DA:162,0
DA:163,0
DA:164,0
DA:165,0
DA:166,0
DA:167,6
DA:168,6
DA:169,6
DA:170,6
DA:171,6
DA:172,6
DA:173,6
DA:174,6
DA:175,6
DA:176,6
DA:177,6
DA:178,6
DA:179,1
DA:180,1
DA:181,1
DA:182,1
DA:183,1
DA:184,1
DA:185,1
DA:186,1
DA:187,1
DA:188,1
DA:189,1
DA:190,9
DA:191,9
DA:192,9
DA:193,9
DA:194,9
DA:195,9
DA:196,8
DA:197,8
DA:198,9
DA:199,7
DA:200,7
DA:201,1
DA:202,9
DA:203,9
DA:204,0
DA:205,0
DA:206,1
DA:207,1
DA:208,9
DA:209,0
DA:210,0
DA:211,1
DA:212,1
DA:213,1
DA:214,1
DA:215,1
DA:216,9
DA:217,1
DA:218,1
DA:219,1
DA:220,9
DA:221,1
DA:222,1
DA:223,9
DA:224,0
DA:225,0
DA:226,1
DA:227,1
DA:228,1
DA:229,1
DA:230,1
DA:231,1
DA:232,1
DA:233,1
DA:234,1
DA:235,1
DA:236,1
DA:237,1
DA:238,1
DA:239,1
DA:240,9
DA:241,9
DA:242,0
DA:243,0
DA:244,1
DA:245,1
DA:246,1
DA:247,1
DA:248,1
DA:249,1
DA:250,1
DA:251,1
DA:252,1
DA:253,1
DA:254,1
DA:255,1
DA:256,1
DA:257,1
DA:258,1
DA:259,1
DA:260,1
DA:261,1
DA:262,1
DA:263,1
DA:264,1
DA:265,1
DA:266,1
DA:267,1
DA:268,1
DA:269,1
DA:270,3
DA:271,0
DA:272,0
DA:273,0
DA:274,0
DA:275,0
DA:276,0
DA:277,0
DA:278,0
DA:279,0
DA:280,1
DA:281,1
DA:282,1
DA:283,1
DA:284,1
DA:285,1
DA:286,1
DA:287,1
DA:288,1
DA:289,1
DA:290,1
DA:291,1
DA:292,1
DA:293,1
DA:294,1
DA:295,1
DA:296,1
DA:297,1
DA:298,1
DA:299,1
DA:300,1
DA:301,1
DA:302,1
DA:303,1
DA:304,1
DA:305,1
DA:306,1
DA:307,1
DA:308,1
DA:309,1
DA:310,1
DA:311,1
DA:312,1
DA:313,1
DA:314,1
DA:315,1
DA:316,1
DA:317,1
DA:318,1
DA:319,1
DA:320,1
DA:321,1
DA:322,1
DA:323,1
DA:324,1
DA:325,1
DA:326,1
DA:327,1
DA:328,1
DA:329,1
DA:330,1
DA:331,1
DA:332,1
DA:333,1
DA:334,1
DA:335,1
DA:336,1
DA:337,1
DA:338,1
DA:339,1
DA:340,1
DA:341,1
DA:342,1
DA:343,1
DA:344,1
DA:345,1
DA:346,1
DA:347,1
DA:348,1
DA:349,6
DA:350,6
DA:351,6
DA:352,6
DA:353,6
DA:354,6
DA:355,6
DA:356,6
DA:357,6
DA:358,6
DA:359,6
DA:360,6
DA:361,6
DA:362,6
DA:363,6
DA:364,6
DA:365,6
DA:366,6
DA:367,5
DA:368,5
DA:369,5
DA:370,5
DA:371,6
DA:372,1
DA:373,1
DA:374,1
DA:375,1
DA:376,1
DA:377,1
DA:378,1
DA:379,1
DA:380,1
DA:381,1
DA:382,1
DA:383,1
DA:384,1
DA:385,1
DA:386,1
DA:387,1
DA:388,1
DA:389,1
DA:390,1
DA:391,1
DA:392,1
DA:393,1
DA:394,5
DA:395,5
DA:396,5
DA:397,5
DA:398,5
DA:399,5
DA:400,5
DA:401,5
DA:402,5
DA:403,5
DA:404,5
DA:405,1
DA:406,1
DA:407,1
DA:408,1
DA:409,0
DA:410,0
DA:411,0
DA:412,0
DA:413,1
DA:414,5
DA:415,5
DA:416,5
DA:417,5
DA:418,5
DA:419,0
DA:420,0
DA:421,5
DA:422,5
DA:423,5
DA:424,5
DA:425,5
DA:426,0
DA:427,0
DA:428,5
DA:429,5
DA:430,5
DA:431,5
DA:432,5
DA:433,5
DA:434,5
DA:435,5
DA:436,5
DA:437,5
DA:438,5
DA:439,5
DA:440,5
DA:441,5
DA:442,5
DA:443,5
DA:444,5
DA:445,5
DA:446,5
DA:447,5
DA:448,5
DA:449,5
DA:450,5
DA:451,5
DA:452,5
DA:453,5
DA:454,5
DA:455,5
DA:456,5
DA:457,5
DA:458,5
DA:459,5
DA:460,5
DA:461,5
DA:462,5
DA:463,5
DA:464,5
DA:465,5
DA:466,5
DA:467,5
DA:468,5
DA:469,5
DA:470,5
DA:471,5
DA:472,5
DA:473,5
DA:474,5
DA:475,5
DA:476,5
DA:477,5
DA:478,5
DA:479,5
DA:480,5
DA:481,5
DA:482,5
DA:483,5
DA:484,9
DA:485,9
DA:486,9
DA:487,9
DA:488,5
DA:489,5
DA:490,5
DA:491,0
DA:492,0
DA:493,5
DA:494,5
DA:495,9
DA:496,9
DA:497,9
DA:498,5
DA:499,5
DA:500,5
DA:501,12
DA:502,12
DA:503,5
DA:504,5
DA:505,5
DA:506,5
DA:507,5
DA:508,5
DA:509,5
DA:510,5
DA:511,5
DA:512,5
DA:513,5
DA:514,5
DA:515,5
DA:516,5
DA:517,5
DA:518,5
DA:519,5
DA:520,1
DA:521,1
DA:522,1
DA:523,1
DA:524,1
DA:525,1
DA:526,1
DA:527,6
DA:528,6
DA:529,6
DA:530,6
DA:531,6
DA:532,6
DA:533,6
DA:534,6
DA:535,6
DA:536,6
DA:537,6
DA:538,6
DA:539,6
DA:540,6
DA:541,6
DA:542,6
DA:543,6
DA:544,6
DA:545,6
DA:546,6
DA:547,6
DA:548,6
DA:549,6
DA:550,6
DA:551,6
DA:552,6
DA:553,1
DA:554,1
DA:555,1
DA:556,1
DA:557,1
DA:558,1
DA:559,1
DA:560,1
DA:561,6
DA:562,6
DA:563,6
DA:564,6
DA:565,6
DA:566,6
DA:567,6
DA:568,6
DA:569,6
DA:570,6
DA:571,6
DA:572,6
DA:573,6
DA:574,6
DA:575,6
DA:576,6
DA:577,6
DA:578,6
DA:579,6
DA:580,6
DA:581,6
DA:582,6
DA:583,1
DA:584,1
DA:585,1
DA:586,1
DA:587,1
DA:588,1
DA:589,1
DA:590,1
DA:591,1
DA:592,1
DA:593,6
DA:594,6
DA:595,6
DA:596,6
DA:597,6
DA:598,6
DA:599,18
DA:600,18
DA:601,6
DA:602,6
DA:603,6
DA:604,6
DA:605,6
DA:606,6
DA:607,6
DA:608,6
DA:609,6
DA:610,6
DA:611,6
DA:612,6
DA:613,6
DA:614,18
DA:615,18
DA:616,18
DA:617,18
DA:618,0
DA:619,0
DA:620,0
DA:621,18
DA:622,18
DA:623,18
DA:624,18
DA:625,18
DA:626,18
DA:627,18
DA:628,18
DA:629,18
DA:630,18
DA:631,18
DA:632,18
DA:633,18
DA:634,18
DA:635,18
DA:636,18
DA:637,18
DA:638,18
DA:639,18
DA:640,18
DA:641,18
DA:642,18
DA:643,18
DA:644,18
DA:645,18
DA:646,18
DA:647,18
DA:648,18
DA:649,0
DA:650,0
DA:651,0
DA:652,0
DA:653,0
DA:654,0
DA:655,0
DA:656,0
DA:657,0
DA:658,0
DA:659,0
DA:660,0
DA:661,0
DA:662,0
DA:663,18
DA:664,6
DA:665,6
DA:666,6
DA:667,6
DA:668,6
DA:669,6
DA:670,6
DA:671,6
DA:672,6
DA:673,6
DA:674,6
DA:675,6
DA:676,6
DA:677,6
DA:678,6
DA:679,6
DA:680,6
DA:681,6
DA:682,6
DA:683,1
DA:684,1
DA:685,1
DA:686,1
DA:687,1
DA:688,1
DA:689,1
DA:690,1
DA:691,1
DA:692,1
DA:693,6
DA:694,6
DA:695,6
DA:696,6
DA:697,6
DA:698,6
DA:699,6
DA:700,6
DA:701,6
DA:702,6
DA:703,6
DA:704,6
DA:705,6
DA:706,6
DA:707,6
DA:708,6
DA:709,6
DA:710,6
DA:711,6
DA:712,6
DA:713,6
DA:714,6
DA:715,6
DA:716,6
DA:717,6
DA:718,6
DA:719,6
DA:720,6
DA:721,6
DA:722,6
DA:723,0
DA:724,0
DA:725,0
DA:726,0
DA:727,0
DA:728,6
DA:729,6
DA:730,6
DA:731,18
DA:732,6
DA:733,6
DA:734,6
DA:735,6
DA:736,6
DA:737,6
DA:738,6
DA:739,6
DA:740,6
DA:741,0
DA:742,0
DA:743,0
DA:744,0
DA:745,1
DA:746,1
DA:747,1
DA:748,1
DA:749,1
DA:750,1
DA:751,1
DA:752,1
DA:753,1
DA:754,1
DA:755,1
DA:756,1
DA:757,1
DA:758,1
DA:759,1
DA:760,1
DA:761,1
DA:762,1
DA:763,1
DA:764,1
DA:765,1
DA:766,1
DA:767,1
DA:768,1
DA:769,1
DA:770,1
DA:771,1
DA:772,1
DA:773,1
DA:774,1
DA:775,2
DA:776,2
DA:777,2
DA:778,2
DA:779,2
DA:780,2
DA:781,2
DA:782,2
DA:783,2
DA:784,2
DA:785,2
DA:786,2
DA:787,2
DA:788,2
DA:789,2
DA:790,2
DA:791,2
DA:792,2
DA:793,2
DA:794,1
DA:795,1
DA:796,1
DA:797,1
DA:798,1
DA:799,1
DA:800,1
DA:801,1
DA:802,1
DA:803,1
DA:804,1
DA:805,1
DA:806,1
DA:807,1
DA:808,1
DA:809,1
DA:810,1
DA:811,1
DA:812,1
DA:813,1
DA:814,1
DA:815,1
DA:816,1
DA:817,1
DA:818,6
DA:819,6
DA:820,6
DA:821,6
DA:822,6
DA:823,6
DA:824,6
DA:825,6
DA:826,6
DA:827,6
DA:828,6
DA:829,6
DA:830,6
DA:831,6
DA:832,6
DA:833,6
DA:834,6
DA:835,6
DA:836,6
DA:837,6
DA:838,1
DA:839,1
DA:840,1
DA:841,1
DA:842,1
DA:843,1
DA:844,1
DA:845,1
DA:846,1
DA:847,1
DA:848,7
DA:849,7
DA:850,7
DA:851,7
DA:852,1
DA:853,1
LF:853
LH:752
BRDA:38,0,0,24
BRDA:101,1,0,11
BRDA:105,2,0,10
BRDA:110,3,0,1
BRDA:113,4,0,9
BRDA:115,5,0,3
BRDA:118,6,0,6
BRDA:121,7,0,0
BRDA:124,8,0,6
BRDA:134,9,0,0
BRDA:137,10,0,6
BRDA:138,11,0,0
BRDA:144,12,0,6
BRDA:161,13,0,0
BRDA:167,14,0,6
BRDA:148,15,0,18
BRDA:149,16,0,84
BRDA:151,17,0,704
BRDA:189,18,0,9
BRDA:196,19,0,8
BRDA:198,20,0,7
BRDA:201,21,0,1
BRDA:203,22,0,0
BRDA:206,23,0,1
BRDA:208,24,0,0
BRDA:211,25,0,1
BRDA:216,26,0,0
BRDA:217,27,0,1
BRDA:220,28,0,0
BRDA:221,29,0,1
BRDA:223,30,0,0
BRDA:226,31,0,1
BRDA:240,32,0,0
BRDA:240,33,0,1
BRDA:241,34,0,0
BRDA:244,35,0,1
BRDA:232,36,0,3
BRDA:252,37,0,3
BRDA:269,38,0,3
BRDA:270,39,0,0
BRDA:295,40,0,3
BRDA:315,41,0,3
BRDA:348,42,0,6
BRDA:366,43,0,5
BRDA:371,44,0,1
BRDA:393,45,0,5
BRDA:404,46,0,1
BRDA:408,47,0,0
BRDA:418,48,0,0
BRDA:425,49,0,0
BRDA:405,50,0,3
BRDA:444,51,0,86
BRDA:483,52,0,9
BRDA:487,53,0,5
BRDA:490,54,0,0
BRDA:500,55,0,12
BRDA:501,56,0,24
BRDA:502,57,0,0
BRDA:505,58,0,12
BRDA:526,59,0,6
BRDA:560,60,0,6
BRDA:579,61,0,20
BRDA:592,62,0,6
BRDA:613,63,0,18
BRDA:615,64,0,0
BRDA:617,65,0,0
BRDA:625,66,0,0
BRDA:648,67,0,0
BRDA:598,68,0,18
BRDA:629,69,0,84
BRDA:633,70,0,2
BRDA:636,71,0,84
BRDA:668,72,0,18
BRDA:692,73,0,6
BRDA:722,74,0,0
BRDA:740,75,0,0
BRDA:708,76,0,18
BRDA:709,77,0,84
BRDA:730,78,0,18
BRDA:732,79,0,84
BRDA:760,80,0,1
BRDA:774,81,0,2
BRDA:779,82,0,6
BRDA:784,83,0,12
BRDA:817,84,0,6
BRDA:833,85,0,265
BRDA:847,86,0,7
BRF:87
BRH:64
end_of_record
TN:
SF:src/periods/services/periods.service.ts
FN:39,PeriodsService
FN:108,PeriodsService.create
FN:140,PeriodsService.update
FN:203,PeriodsService.close
FN:230,PeriodsService.findAllPraise
FN:251,PeriodsService.findAllPraiseByReceiver
FN:274,PeriodsService.findAllPraiseByGiver
FN:297,PeriodsService.findAllPraiseByQuantifier
FN:374,PeriodsService.findPeriodDetails
FN:417,PeriodsService.getPreviousPeriodEndDate
FN:435,PeriodsService.quantifiersWithCounts
FN:460,PeriodsService.findPeriodQuantifiers
FN:513,PeriodsService.findPeriodGivers
FN:567,PeriodsService.findPeriodReceivers
FN:621,PeriodsService.isPeriodLatest
FN:639,PeriodsService.findActivePeriods
FN:656,PeriodsService.getPeriodDateRangeQuery
FN:54,getModel
FN:61,findAllPaginated
FN:86,findOneById
FN:95,findLatest
FN:666,generateAllExports
FNF:22
FNH:19
FNDA:24,PeriodsService
FNDA:5,PeriodsService.create
FNDA:5,PeriodsService.update
FNDA:4,PeriodsService.close
FNDA:3,PeriodsService.findAllPraise
FNDA:0,PeriodsService.findAllPraiseByReceiver
FNDA:0,PeriodsService.findAllPraiseByGiver
FNDA:0,PeriodsService.findAllPraiseByQuantifier
FNDA:14,PeriodsService.findPeriodDetails
FNDA:37,PeriodsService.getPreviousPeriodEndDate
FNDA:13,PeriodsService.quantifiersWithCounts
FNDA:13,PeriodsService.findPeriodQuantifiers
FNDA:13,PeriodsService.findPeriodGivers
FNDA:13,PeriodsService.findPeriodReceivers
FNDA:3,PeriodsService.isPeriodLatest
FNDA:2,PeriodsService.findActivePeriods
FNDA:3,PeriodsService.getPeriodDateRangeQuery
FNDA:253,getModel
FNDA:2,findAllPaginated
FNDA:53,findOneById
FNDA:2,findLatest
FNDA:1,generateAllExports
DA:1,1
DA:2,1
DA:3,1
DA:4,1
DA:5,1
DA:6,1
DA:7,1
DA:8,1
DA:9,1
DA:10,1
DA:11,1
DA:12,1
DA:13,1
DA:14,1
DA:15,1
DA:16,1
DA:17,1
DA:18,1
DA:19,1
DA:20,1
DA:21,1
DA:22,1
DA:23,1
DA:24,1
DA:25,1
DA:26,1
DA:27,1
DA:28,1
DA:29,1
DA:30,1
DA:31,1
DA:32,1
DA:33,1
DA:34,1
DA:35,1
DA:36,1
DA:37,1
DA:38,1
DA:39,1
DA:40,24
DA:41,24
DA:42,24
DA:43,24
DA:44,24
DA:45,24
DA:46,24
DA:47,24
DA:48,24
DA:49,24
DA:50,1
DA:51,1
DA:52,1
DA:53,1
DA:54,1
DA:55,253
DA:56,253
DA:57,1
DA:58,1
DA:59,1
DA:60,1
DA:61,1
DA:62,2
DA:63,2
DA:64,2
DA:65,2
DA:66,2
DA:67,2
DA:68,2
DA:69,2
DA:70,2
DA:71,2
DA:72,2
DA:73,2
DA:74,2
DA:75,2
DA:76,2
DA:77,2
DA:78,2
DA:79,1
DA:80,1
DA:81,1
DA:82,1
DA:83,1
DA:84,1
DA:85,1
DA:86,1
DA:87,53
DA:88,53
DA:89,50
DA:90,50
DA:91,1
DA:92,1
DA:93,1
DA:94,1
DA:95,1
DA:96,2
DA:97,2
DA:98,2
DA:99,2
DA:100,2
DA:101,2
DA:102,2
DA:103,2
DA:104,1
DA:105,1
DA:106,1
DA:107,1
DA:108,1
DA:109,5
DA:110,5
DA:111,5
DA:112,5
DA:113,5
DA:114,2
DA:115,2
DA:116,2
DA:117,2
DA:118,2
DA:119,2
DA:120,2
DA:121,3
DA:122,3
DA:123,3
DA:124,3
DA:125,3
DA:126,3
DA:127,3
DA:128,3
DA:129,3
DA:130,3
DA:131,3
DA:132,3
DA:133,3
DA:134,3
DA:135,1
DA:136,1
DA:137,1
DA:138,1
DA:139,1
DA:140,1
DA:141,5
DA:142,5
DA:143,5
DA:144,5
DA:145,5
DA:146,4
DA:147,4
DA:148,4
DA:149,5
DA:150,5
DA:151,1
DA:152,1
DA:153,3
DA:154,3
DA:155,3
DA:156,5
DA:157,1
DA:158,1
DA:159,1
DA:160,1
DA:161,1
DA:162,1
DA:163,3
DA:164,3
DA:165,3
DA:166,3
DA:167,3
DA:168,1
DA:169,1
DA:170,2
DA:171,2
DA:172,3
DA:173,1
DA:174,1
DA:175,1
DA:176,1
DA:177,1
DA:178,1
DA:179,1
DA:180,1
DA:181,1
DA:182,1
DA:183,1
DA:184,1
DA:185,1
DA:186,1
DA:187,1
DA:188,1
DA:189,1
DA:190,1
DA:191,1
DA:192,1
DA:193,1
DA:194,1
DA:195,1
DA:196,1
DA:197,1
DA:198,1
DA:199,1
DA:200,1
DA:201,1
DA:202,1
DA:203,1
DA:204,4
DA:205,4
DA:206,3
DA:207,3
DA:208,3
DA:209,3
DA:210,3
DA:211,4
DA:212,2
DA:213,2
DA:214,4
DA:215,1
DA:216,1
DA:217,1
DA:218,1
DA:219,1
DA:220,1
DA:221,1
DA:222,1
DA:223,1
DA:224,1
DA:225,1
DA:226,1
DA:227,1
DA:228,1
DA:229,1
DA:230,1
DA:231,3
DA:232,3
DA:233,3
DA:234,3
DA:235,2
DA:236,2
DA:237,2
DA:238,2
DA:239,2
DA:240,2
DA:241,2
DA:242,2
DA:243,2
DA:244,2
DA:245,2
DA:246,1
DA:247,1
DA:248,1
DA:249,1
DA:250,1
DA:251,1
DA:252,0
DA:253,0
DA:254,0
DA:255,0
DA:256,0
DA:257,0
DA:258,0
DA:259,0
DA:260,0
DA:261,0
DA:262,0
DA:263,0
DA:264,0
DA:265,0
DA:266,0
DA:267,0
DA:268,0
DA:269,1
DA:270,1
DA:271,1
DA:272,1
DA:273,1
DA:274,1
DA:275,0
DA:276,0
DA:277,0
DA:278,0
DA:279,0
DA:280,0
DA:281,0
DA:282,0
DA:283,0
DA:284,0
DA:285,0
DA:286,0
DA:287,0
DA:288,0
DA:289,0
DA:290,0
DA:291,0
DA:292,1
DA:293,1
DA:294,1
DA:295,1
DA:296,1
DA:297,1
DA:298,0
DA:299,0
DA:300,0
DA:301,0
DA:302,0
DA:303,0
DA:304,0
DA:305,0
DA:306,0
DA:307,0
DA:308,0
DA:309,0
DA:310,0
DA:311,0
DA:312,0
DA:313,0
DA:314,0
DA:315,0
DA:316,0
DA:317,0
DA:318,0
DA:319,0
DA:320,0
DA:321,0
DA:322,0
DA:323,0
DA:324,0
DA:325,0
DA:326,0
DA:327,0
DA:328,0
DA:329,0
DA:330,0
DA:331,0
DA:332,0
DA:333,0
DA:334,0
DA:335,0
DA:336,0
DA:337,0
DA:338,0
DA:339,0
DA:340,0
DA:341,0
DA:342,0
DA:343,0
DA:344,0
DA:345,0
DA:346,0
DA:347,0
DA:348,0
DA:349,0
DA:350,0
DA:351,0
DA:352,0
DA:353,0
DA:354,0
DA:355,0
DA:356,0
DA:357,0
DA:358,0
DA:359,0
DA:360,0
DA:361,0
DA:362,0
DA:363,0
DA:364,0
DA:365,1
DA:366,1
DA:367,1
DA:368,1
DA:369,1
DA:370,1
DA:371,1
DA:372,1
DA:373,1
DA:374,1
DA:375,14
DA:376,14
DA:377,14
DA:378,13
DA:379,13
DA:380,13
DA:381,13
DA:382,13
DA:383,13
DA:384,13
DA:385,13
DA:386,13
DA:387,13
DA:388,13
DA:389,13
DA:390,13
DA:391,13
DA:392,13
DA:393,13
DA:394,13
DA:395,13
DA:396,13
DA:397,13
DA:398,13
DA:399,13
DA:400,13
DA:401,13
DA:402,13
DA:403,13
DA:404,13
DA:405,13
DA:406,13
DA:407,13
DA:408,1
DA:409,1
DA:410,1
DA:411,1
DA:412,1
DA:413,1
DA:414,1
DA:415,1
DA:416,1
DA:417,1
DA:418,37
DA:419,37
DA:420,37
DA:421,37
DA:422,37
DA:423,37
DA:424,37
DA:425,37
DA:426,37
DA:427,37
DA:428,37
DA:429,37
DA:430,1
DA:431,1
DA:432,1
DA:433,1
DA:434,1
DA:435,1
DA:436,13
DA:437,13
DA:438,13
DA:439,24
DA:440,24
DA:441,24
DA:442,24
DA:443,24
DA:444,24
DA:445,24
DA:446,24
DA:447,24
DA:448,24
DA:449,24
DA:450,24
DA:451,24
DA:452,1
DA:453,1
DA:454,1
DA:455,1
DA:456,1
DA:457,1
DA:458,1
DA:459,1
DA:460,1
DA:461,13
DA:462,13
DA:463,13
DA:464,13
DA:465,13
DA:466,13
DA:467,13
DA:468,13
DA:469,13
DA:470,13
DA:471,13
DA:472,13
DA:473,13
DA:474,13
DA:475,13
DA:476,13
DA:477,13
DA:478,13
DA:479,13
DA:480,13
DA:481,13
DA:482,13
DA:483,13
DA:484,13
DA:485,13
DA:486,13
DA:487,13
DA:488,13
DA:489,13
DA:490,13
DA:491,13
DA:492,13
DA:493,13
DA:494,13
DA:495,13
DA:496,13
DA:497,13
DA:498,13
DA:499,13
DA:500,13
DA:501,13
DA:502,13
DA:503,13
DA:504,13
DA:505,1
DA:506,1
DA:507,1
DA:508,1
DA:509,1
DA:510,1
DA:511,1
DA:512,1
DA:513,1
DA:514,13
DA:515,13
DA:516,13
DA:517,13
DA:518,13
DA:519,13
DA:520,13
DA:521,13
DA:522,13
DA:523,13
DA:524,13
DA:525,13
DA:526,13
DA:527,13
DA:528,13
DA:529,13
DA:530,13
DA:531,13
DA:532,13
DA:533,13
DA:534,13
DA:535,13
DA:536,13
DA:537,13
DA:538,13
DA:539,13
DA:540,13
DA:541,13
DA:542,13
DA:543,13
DA:544,13
DA:545,13
DA:546,13
DA:547,13
DA:548,13
DA:549,13
DA:550,13
DA:551,13
DA:552,13
DA:553,13
DA:554,13
DA:555,13
DA:556,13
DA:557,13
DA:558,13
DA:559,1
DA:560,1
DA:561,1
DA:562,1
DA:563,1
DA:564,1
DA:565,1
DA:566,1
DA:567,1
DA:568,13
DA:569,13
DA:570,13
DA:571,13
DA:572,13
DA:573,13
DA:574,13
DA:575,13
DA:576,13
DA:577,13
DA:578,13
DA:579,13
DA:580,13
DA:581,13
DA:582,13
DA:583,13
DA:584,13
DA:585,13
DA:586,13
DA:587,13
DA:588,13
DA:589,13
DA:590,13
DA:591,13
DA:592,13
DA:593,13
DA:594,13
DA:595,13
DA:596,13
DA:597,13
DA:598,13
DA:599,13
DA:600,13
DA:601,13
DA:602,13
DA:603,13
DA:604,13
DA:605,13
DA:606,13
DA:607,13
DA:608,13
DA:609,13
DA:610,13
DA:611,13
DA:612,13
DA:613,1
DA:614,1
DA:615,1
DA:616,1
DA:617,1
DA:618,1
DA:619,1
DA:620,1
DA:621,1
DA:622,3
DA:623,3
DA:624,3
DA:625,3
DA:626,3
DA:627,3
DA:628,3
DA:629,1
DA:630,1
DA:631,1
DA:632,1
DA:633,1
DA:634,1
DA:635,1
DA:636,1
DA:637,1
DA:638,1
DA:639,1
DA:640,2
DA:641,2
DA:642,2
DA:643,2
DA:644,2
DA:645,2
DA:646,2
DA:647,1
DA:648,1
DA:649,1
DA:650,1
DA:651,1
DA:652,1
DA:653,1
DA:654,1
DA:655,1
DA:656,1
DA:657,3
DA:658,3
DA:659,3
DA:660,3
DA:661,1
DA:662,1
DA:663,1
DA:664,1
DA:665,1
DA:666,1
DA:667,1
DA:668,1
DA:669,1
DA:670,1
DA:671,1
DA:672,1
DA:673,1
DA:674,1
DA:675,1
DA:676,1
DA:677,1
DA:678,1
DA:679,1
DA:680,1
DA:681,0
DA:682,0
DA:683,0
DA:684,0
DA:685,1
DA:686,1
DA:687,1
DA:688,1
DA:689,1
DA:690,1
DA:691,1
DA:692,1
DA:693,1
DA:694,1
DA:695,1
LF:695
LH:590
BRDA:39,0,0,24
BRDA:108,1,0,5
BRDA:113,2,0,2
BRDA:121,3,0,3
BRDA:140,4,0,5
BRDA:145,5,0,1
BRDA:146,6,0,4
BRDA:149,7,0,3
BRDA:150,8,0,1
BRDA:153,9,0,3
BRDA:156,10,0,1
BRDA:163,11,0,3
BRDA:167,12,0,1
BRDA:170,13,0,2
BRDA:172,14,0,1
BRDA:184,15,0,1
BRDA:203,16,0,4
BRDA:205,17,0,1
BRDA:206,18,0,3
BRDA:211,19,0,1
BRDA:212,20,0,2
BRDA:214,21,0,1
BRDA:230,22,0,3
BRDA:234,23,0,1
BRDA:235,24,0,2
BRDA:374,25,0,14
BRDA:378,26,0,13
BRDA:417,27,0,37
BRDA:426,28,0,2
BRDA:427,29,0,35
BRDA:435,30,0,13
BRDA:438,31,0,24
BRDA:439,32,0,749
BRDA:460,33,0,13
BRDA:513,34,0,13
BRDA:567,35,0,13
BRDA:621,36,0,3
BRDA:627,37,0,0
BRDA:628,38,0,2
BRDA:629,39,0,1
BRDA:639,40,0,2
BRDA:644,41,0,0
BRDA:656,42,0,3
BRDA:54,43,0,253
BRDA:61,44,0,2
BRDA:71,45,0,1
BRDA:71,46,0,1
BRDA:71,47,0,1
BRDA:75,48,0,0
BRDA:86,49,0,53
BRDA:88,50,0,3
BRDA:89,51,0,50
BRDA:95,52,0,2
BRDA:101,53,0,0
BRDA:666,54,0,1
BRDA:680,55,0,0
BRDA:45,56,0,24
BRDA:47,57,0,24
BRF:58
BRH:53
end_of_record
TN:
SF:src/periodsettings/periodsettings.controller.ts
FN:31,PeriodSettingsController
FN:42,findAll
FN:58,findOne
FN:78,set
FNF:4
FNH:4
FNDA:24,PeriodSettingsController
FNDA:2,findAll
FNDA:1,findOne
FNDA:11,set
DA:1,1
DA:2,1
DA:3,1
DA:4,1
DA:5,1
DA:6,1
DA:7,1
DA:8,1
DA:9,1
DA:10,1
DA:11,1
DA:12,1
DA:13,1
DA:14,1
DA:15,1
DA:16,1
DA:17,1
DA:18,1
DA:19,1
DA:20,1
DA:21,1
DA:22,1
DA:23,1
DA:24,1
DA:25,1
DA:26,1
DA:27,1
DA:28,1
DA:29,1
DA:30,1
DA:31,1
DA:32,1
DA:33,1
DA:34,1
DA:35,1
DA:36,1
DA:37,1
DA:38,1
DA:39,1
DA:40,1
DA:41,1
DA:42,1
DA:43,2
DA:44,2
DA:45,2
DA:46,2
DA:47,1
DA:48,1
DA:49,1
DA:50,1
DA:51,1
DA:52,1
DA:53,1
DA:54,1
DA:55,1
DA:56,1
DA:57,1
DA:58,1
DA:59,1
DA:60,1
DA:61,1
DA:62,1
DA:63,1
DA:64,1
DA:65,1
DA:66,1
DA:67,1
DA:68,1
DA:69,1
DA:70,1
DA:71,1
DA:72,1
DA:73,1
DA:74,1
DA:75,1
DA:76,1
DA:77,1
DA:78,1
DA:79,11
DA:80,11
DA:81,11
DA:82,11
DA:83,11
DA:84,11
DA:85,1
LF:85
LH:85
BRDA:31,0,0,24
BRDA:42,1,0,2
BRDA:58,2,0,1
BRDA:78,3,0,11
BRF:4
BRH:4
end_of_record
TN:
SF:src/periodsettings/periodsettings.service.ts
FN:18,PeriodSettingsService
FN:32,getModel
FN:36,findAll
FN:48,findOneBySettingIdAndPeriodId
FN:64,setOne
FN:119,createSettingsForPeriod
FNF:6
FNH:6
FNDA:24,PeriodSettingsService
FNDA:138,getModel
FNDA:5,findAll
FNDA:41,findOneBySettingIdAndPeriodId
FNDA:11,setOne
FNDA:3,createSettingsForPeriod
DA:1,1
DA:2,1
DA:3,1
DA:4,1
DA:5,1
DA:6,1
DA:7,1
DA:8,1
DA:9,1
DA:10,1
DA:11,1
DA:12,1
DA:13,1
DA:14,1
DA:15,1
DA:16,1
DA:17,1
DA:18,1
DA:19,24
DA:20,24
DA:21,24
DA:22,24
DA:23,24
DA:24,24
DA:25,24
DA:26,24
DA:27,1
DA:28,1
DA:29,1
DA:30,1
DA:31,1
DA:32,1
DA:33,138
DA:34,138
DA:35,1
DA:36,1
DA:37,5
DA:38,5
DA:39,5
DA:40,5
DA:41,5
DA:42,5
DA:43,5
DA:44,5
DA:45,5
DA:46,5
DA:47,1
DA:48,1
DA:49,41
DA:50,41
DA:51,41
DA:52,41
DA:53,41
DA:54,41
DA:55,41
DA:56,41
DA:57,41
DA:58,41
DA:59,41
DA:60,41
DA:61,41
DA:62,41
DA:63,1
DA:64,1
DA:65,11
DA:66,11
DA:67,11
DA:68,11
DA:69,11
DA:70,11
DA:71,11
DA:72,11
DA:73,11
DA:74,11
DA:75,11
DA:76,5
DA:77,5
DA:78,5
DA:79,5
DA:80,5
DA:81,6
DA:82,6
DA:83,11
DA:84,6
DA:85,11
DA:86,0
DA:87,0
DA:88,6
DA:89,6
DA:90,6
DA:91,6
DA:92,6
DA:93,6
DA:94,11
DA:95,6
DA:96,6
DA:97,6
DA:98,11
DA:99,0
DA:100,0
DA:101,6
DA:102,6
DA:103,6
DA:104,6
DA:105,6
DA:106,6
DA:107,6
DA:108,6
DA:109,11
DA:110,11
DA:111,6
DA:112,6
DA:113,6
DA:114,1
DA:115,1
DA:116,1
DA:117,1
DA:118,1
DA:119,1
DA:120,3
DA:121,3
DA:122,0
DA:123,0
DA:124,0
DA:125,0
DA:126,3
DA:127,3
DA:128,3
DA:129,3
DA:130,3
DA:131,3
DA:132,0
DA:133,0
DA:134,0
DA:135,0
DA:136,0
DA:137,3
DA:138,3
DA:139,3
DA:140,3
DA:141,1
LF:141
LH:128
BRDA:18,0,0,24
BRDA:32,1,0,138
BRDA:36,2,0,5
BRDA:45,3,0,2
BRDA:48,4,0,41
BRDA:60,5,0,0
BRDA:64,6,0,11
BRDA:70,7,0,0
BRDA:75,8,0,5
BRDA:81,9,0,6
BRDA:83,10,0,0
BRDA:84,11,0,6
BRDA:85,12,0,0
BRDA:88,13,0,6
BRDA:94,14,0,0
BRDA:95,15,0,6
BRDA:98,16,0,0
BRDA:101,17,0,6
BRDA:109,18,0,0
BRDA:109,19,0,0
BRDA:111,20,0,6
BRDA:119,21,0,3
BRDA:121,22,0,0
BRDA:21,23,0,24
BRDA:23,24,0,24
BRF:25
BRH:16
end_of_record
TN:
SF:src/periodsettings/interceptors/value-realized.interceptor.ts
FN:13,intercept
FNF:1
FNH:1
FNDA:15,intercept
DA:1,1
DA:2,1
DA:3,1
DA:4,1
DA:5,1
DA:6,1
DA:7,1
DA:8,1
DA:9,1
DA:10,1
DA:11,1
DA:12,1
DA:13,1
DA:14,15
DA:15,15
DA:16,9
DA:17,2
DA:18,2
DA:19,2
DA:20,2
DA:21,2
DA:22,2
DA:23,2
DA:24,2
DA:25,2
DA:26,2
DA:27,2
DA:28,2
DA:29,2
DA:30,2
DA:31,2
DA:32,7
DA:33,7
DA:34,7
DA:35,7
DA:36,7
DA:37,7
DA:38,7
DA:39,7
DA:40,7
DA:41,7
DA:42,7
DA:43,7
DA:44,15
DA:45,15
DA:46,15
DA:47,1
LF:47
LH:47
BRDA:13,0,0,15
BRDA:15,1,0,9
BRDA:16,2,0,2
BRDA:16,3,0,2
BRDA:32,4,0,7
BRDA:17,5,0,2
BRF:6
BRH:6
end_of_record
TN:
SF:src/praise/praise.controller.ts
FN:53,PraiseController
FN:67,findAllPaginated
FN:84,export
FN:136,findOne
FN:152,quantify
FN:168,quantifyMultiple
FN:200,praise
FN:213,forward
FNF:8
FNH:8
FNDA:24,PraiseController
FNDA:2,findAllPaginated
FNDA:5,export
FNDA:6,findOne
FNDA:19,quantify
FNDA:1,quantifyMultiple
FNDA:2,praise
FNDA:1,forward
DA:1,1
DA:2,1
DA:3,1
DA:4,1
DA:5,1
DA:6,1
DA:7,1
DA:8,1
DA:9,1
DA:10,1
DA:11,1
DA:12,1
DA:13,1
DA:14,1
DA:15,1
DA:16,1
DA:17,1
DA:18,1
DA:19,1
DA:20,1
DA:21,1
DA:22,1
DA:23,1
DA:24,1
DA:25,1
DA:26,1
DA:27,1
DA:28,1
DA:29,1
DA:30,1
DA:31,1
DA:32,1
DA:33,1
DA:34,1
DA:35,1
DA:36,1
DA:37,1
DA:38,1
DA:39,1
DA:40,1
DA:41,1
DA:42,1
DA:43,1
DA:44,1
DA:45,1
DA:46,1
DA:47,1
DA:48,1
DA:49,1
DA:50,1
DA:51,1
DA:52,1
DA:53,1
DA:54,24
DA:55,24
DA:56,24
DA:57,1
DA:58,1
DA:59,1
DA:60,1
DA:61,1
DA:62,1
DA:63,1
DA:64,1
DA:65,1
DA:66,1
DA:67,1
DA:68,2
DA:69,2
DA:70,2
DA:71,2
DA:72,1
DA:73,1
DA:74,1
DA:75,1
DA:76,1
DA:77,1
DA:78,1
DA:79,1
DA:80,1
DA:81,1
DA:82,1
DA:83,1
DA:84,1
DA:85,5
DA:86,5
DA:87,5
DA:88,5
DA:89,5
DA:90,5
DA:91,5
DA:92,5
DA:93,5
DA:94,5
DA:95,5
DA:96,5
DA:97,5
DA:98,5
DA:99,5
DA:100,5
DA:101,5
DA:102,5
DA:103,3
DA:104,3
DA:105,1
DA:106,1
DA:107,1
DA:108,1
DA:109,3
DA:110,3
DA:111,3
DA:112,3
DA:113,3
DA:114,3
DA:115,2
DA:116,4
DA:117,4
DA:118,4
DA:119,4
DA:120,4
DA:121,4
DA:122,4
DA:123,4
DA:124,4
DA:125,1
DA:126,1
DA:127,1
DA:128,1
DA:129,1
DA:130,1
DA:131,1
DA:132,1
DA:133,1
DA:134,1
DA:135,1
DA:136,1
DA:137,6
DA:138,6
DA:139,6
DA:140,6
DA:141,1
DA:142,1
DA:143,1
DA:144,1
DA:145,1
DA:146,1
DA:147,1
DA:148,1
DA:149,1
DA:150,1
DA:151,1
DA:152,1
DA:153,19
DA:154,19
DA:155,19
DA:156,19
DA:157,19
DA:158,1
DA:159,1
DA:160,1
DA:161,1
DA:162,1
DA:163,1
DA:164,1
DA:165,1
DA:166,1
DA:167,1
DA:168,1
DA:169,1
DA:170,1
DA:171,1
DA:172,1
DA:173,1
DA:174,0
DA:175,0
DA:176,1
DA:177,1
DA:178,1
DA:179,2
DA:180,2
DA:181,2
DA:182,2
DA:183,2
DA:184,2
DA:185,1
DA:186,1
DA:187,1
DA:188,1
DA:189,1
DA:190,1
DA:191,1
DA:192,1
DA:193,1
DA:194,1
DA:195,1
DA:196,1
DA:197,1
DA:198,1
DA:199,1
DA:200,1
DA:201,2
DA:202,2
DA:203,1
DA:204,1
DA:205,1
DA:206,1
DA:207,1
DA:208,1
DA:209,1
DA:210,1
DA:211,1
DA:212,1
DA:213,1
DA:214,1
DA:215,1
DA:216,1
LF:216
LH:214
BRDA:53,0,0,24
BRDA:67,1,0,2
BRDA:84,2,0,5
BRDA:88,3,0,0
BRDA:102,4,0,3
BRDA:104,5,0,1
BRDA:115,6,0,2
BRDA:116,7,0,4
BRDA:136,8,0,6
BRDA:152,9,0,19
BRDA:168,10,0,1
BRDA:173,11,0,0
BRDA:178,12,0,2
BRDA:200,13,0,2
BRDA:213,14,0,1
BRF:15
BRH:13
end_of_record
TN:
SF:src/praise/services/praise-export.service.ts
FN:20,PraiseExportService
FN:44,exportInputToQuery
FN:76,generateAllExports
FNF:3
FNH:3
FNDA:24,PraiseExportService
FNDA:3,exportInputToQuery
FNDA:3,generateAllExports
DA:1,1
DA:2,1
DA:3,1
DA:4,1
DA:5,1
DA:6,1
DA:7,1
DA:8,1
DA:9,1
DA:10,1
DA:11,1
DA:12,1
DA:13,1
DA:14,1
DA:15,1
DA:16,1
DA:17,1
DA:18,1
DA:19,1
DA:20,1
DA:21,24
DA:22,24
DA:23,24
DA:24,24
DA:25,24
DA:26,1
DA:27,1
DA:28,1
DA:29,1
DA:30,1
DA:31,1
DA:32,1
DA:33,1
DA:34,1
DA:35,1
DA:36,1
DA:37,1
DA:38,1
DA:39,1
DA:40,1
DA:41,1
DA:42,1
DA:43,1
DA:44,1
DA:45,3
DA:46,3
DA:47,3
DA:48,2
DA:49,1
DA:50,1
DA:51,1
DA:52,1
DA:53,1
DA:54,1
DA:55,1
DA:56,3
DA:57,1
DA:58,1
DA:59,1
DA:60,1
DA:61,1
DA:62,1
DA:63,1
DA:64,0
DA:65,0
DA:66,0
DA:67,0
DA:68,0
DA:69,1
DA:70,2
DA:71,2
DA:72,1
DA:73,1
DA:74,1
DA:75,1
DA:76,1
DA:77,3
DA:78,2
DA:79,2
DA:80,2
DA:81,2
DA:82,2
DA:83,3
DA:84,0
DA:85,0
DA:86,0
DA:87,0
DA:88,2
DA:89,2
DA:90,2
DA:91,2
DA:92,2
DA:93,2
DA:94,2
DA:95,2
DA:96,2
DA:97,2
DA:98,2
DA:99,2
DA:100,2
DA:101,2
DA:102,2
DA:103,2
DA:104,1
LF:104
LH:95
BRDA:20,0,0,24
BRDA:44,1,0,3
BRDA:47,2,0,2
BRDA:48,3,0,1
BRDA:48,4,0,1
BRDA:56,5,0,1
BRDA:63,6,0,0
BRDA:70,7,0,2
BRDA:76,8,0,3
BRDA:78,9,0,2
BRDA:83,10,0,0
BRDA:88,11,0,2
BRDA:23,12,0,24
BRF:13
BRH:11
end_of_record
TN:
SF:src/praise/services/praise.service.ts
FN:27,PraiseService
FN:151,PraiseService.quantifyPraise
FN:341,PraiseService.findDuplicatePraiseItems
FN:368,PraiseService.findPraisesDuplicateOfAnotherDuplicate
FN:401,PraiseService.getPraisePeriod
FN:430,PraiseService.countPraiseWithinDateRanges
FN:455,PraiseService.createPraiseItem
FN:45,getModel
FN:56,findAllPaginated
FN:104,findOneById
FN:132,findLatest
FNF:11
FNH:11
FNDA:24,PraiseService
FNDA:21,PraiseService.quantifyPraise
FNDA:18,PraiseService.findDuplicatePraiseItems
FNDA:1,PraiseService.findPraisesDuplicateOfAnotherDuplicate
FNDA:22,PraiseService.getPraisePeriod
FNDA:1,PraiseService.countPraiseWithinDateRanges
FNDA:3,PraiseService.createPraiseItem
FNDA:426,getModel
FNDA:2,findAllPaginated
FNDA:6,findOneById
FNDA:5,findLatest
DA:1,1
DA:2,1
DA:3,1
DA:4,1
DA:5,1
DA:6,1
DA:7,1
DA:8,1
DA:9,1
DA:10,1
DA:11,1
DA:12,1
DA:13,1
DA:14,1
DA:15,1
DA:16,1
DA:17,1
DA:18,1
DA:19,1
DA:20,1
DA:21,1
DA:22,1
DA:23,1
DA:24,1
DA:25,1
DA:26,1
DA:27,1
DA:28,24
DA:29,24
DA:30,24
DA:31,24
DA:32,24
DA:33,24
DA:34,24
DA:35,24
DA:36,24
DA:37,24
DA:38,24
DA:39,24
DA:40,1
DA:41,1
DA:42,1
DA:43,1
DA:44,1
DA:45,1
DA:46,426
DA:47,426
DA:48,1
DA:49,1
DA:50,1
DA:51,1
DA:52,1
DA:53,1
DA:54,1
DA:55,1
DA:56,1
DA:57,2
DA:58,2
DA:59,2
DA:60,2
DA:61,2
DA:62,2
DA:63,0
DA:64,0
DA:65,2
DA:66,2
DA:67,0
DA:68,0
DA:69,2
DA:70,2
DA:71,2
DA:72,2
DA:73,2
DA:74,2
DA:75,2
DA:76,2
DA:77,2
DA:78,2
DA:79,2
DA:80,2
DA:81,2
DA:82,2
DA:83,2
DA:84,2
DA:85,2
DA:86,2
DA:87,2
DA:88,2
DA:89,2
DA:90,2
DA:91,2
DA:92,2
DA:93,2
DA:94,2
DA:95,2
DA:96,1
DA:97,1
DA:98,1
DA:99,1
DA:100,1
DA:101,1
DA:102,1
DA:103,1
DA:104,1
DA:105,6
DA:106,6
DA:107,6
DA:108,6
DA:109,6
DA:110,6
DA:111,6
DA:112,6
DA:113,6
DA:114,6
DA:115,6
DA:116,6
DA:117,6
DA:118,6
DA:119,6
DA:120,6
DA:121,6
DA:122,6
DA:123,6
DA:124,6
DA:125,5
DA:126,5
DA:127,5
DA:128,1
DA:129,1
DA:130,1
DA:131,1
DA:132,1
DA:133,5
DA:134,5
DA:135,5
DA:136,5
DA:137,5
DA:138,5
DA:139,5
DA:140,5
DA:141,1
DA:142,1
DA:143,1
DA:144,1
DA:145,1
DA:146,1
DA:147,1
DA:148,1
DA:149,1
DA:150,1
DA:151,1
DA:152,21
DA:153,21
DA:154,21
DA:155,21
DA:156,21
DA:157,21
DA:158,21
DA:159,21
DA:160,21
DA:161,21
DA:162,21
DA:163,20
DA:164,20
DA:165,20
DA:166,20
DA:167,21
DA:168,1
DA:169,1
DA:170,19
DA:171,19
DA:172,19
DA:173,21
DA:174,1
DA:175,1
DA:176,18
DA:177,18
DA:178,18
DA:179,21
DA:180,21
DA:181,21
DA:182,18
DA:183,18
DA:184,18
DA:185,18
DA:186,18
DA:187,18
DA:188,21
DA:189,0
DA:190,0
DA:191,0
DA:192,0
DA:193,18
DA:194,18
DA:195,18
DA:196,18
DA:197,18
DA:198,18
DA:199,18
DA:200,18
DA:201,18
DA:202,21
DA:203,21
DA:204,18
DA:205,21
DA:206,1
DA:207,1
DA:208,1
DA:209,0
DA:210,0
DA:211,1
DA:212,1
DA:213,1
DA:214,1
DA:215,1
DA:216,1
DA:217,1
DA:218,1
DA:219,1
DA:220,0
DA:221,0
DA:222,1
DA:223,1
DA:224,1
DA:225,1
DA:226,1
DA:227,1
DA:228,1
DA:229,1
DA:230,1
DA:231,0
DA:232,0
DA:233,1
DA:234,1
DA:235,1
DA:236,1
DA:237,1
DA:238,1
DA:239,1
DA:240,1
DA:241,1
DA:242,1
DA:243,1
DA:244,21
DA:245,2
DA:246,2
DA:247,2
DA:248,2
DA:249,2
DA:250,2
DA:251,2
DA:252,2
DA:253,17
DA:254,15
DA:255,1
DA:256,1
DA:257,1
DA:258,1
DA:259,14
DA:260,14
DA:261,14
DA:262,14
DA:263,14
DA:264,14
DA:265,14
DA:266,14
DA:267,14
DA:268,15
DA:269,2
DA:270,2
DA:271,2
DA:272,2
DA:273,2
DA:274,2
DA:275,2
DA:276,12
DA:277,12
DA:278,12
DA:279,12
DA:280,12
DA:281,12
DA:282,12
DA:283,12
DA:284,12
DA:285,12
DA:286,15
DA:287,15
DA:288,15
DA:289,15
DA:290,15
DA:291,15
DA:292,15
DA:293,15
DA:294,15
DA:295,15
DA:296,15
DA:297,15
DA:298,15
DA:299,15
DA:300,15
DA:301,15
DA:302,15
DA:303,15
DA:304,15
DA:305,15
DA:306,15
DA:307,15
DA:308,15
DA:309,15
DA:310,15
DA:311,15
DA:312,15
DA:313,15
DA:314,15
DA:315,15
DA:316,15
DA:317,15
DA:318,15
DA:319,15
DA:320,15
DA:321,15
DA:322,15
DA:323,15
DA:324,15
DA:325,15
DA:326,15
DA:327,15
DA:328,15
DA:329,15
DA:330,15
DA:331,15
DA:332,1
DA:333,1
DA:334,1
DA:335,1
DA:336,1
DA:337,1
DA:338,1
DA:339,1
DA:340,1
DA:341,1
DA:342,18
DA:343,18
DA:344,18
DA:345,18
DA:346,18
DA:347,18
DA:348,18
DA:349,18
DA:350,18
DA:351,18
DA:352,18
DA:353,18
DA:354,18
DA:355,18
DA:356,18
DA:357,18
DA:358,18
DA:359,1
DA:360,1
DA:361,1
DA:362,1
DA:363,1
DA:364,1
DA:365,1
DA:366,1
DA:367,1
DA:368,1
DA:369,1
DA:370,1
DA:371,1
DA:372,1
DA:373,1
DA:374,1
DA:375,1
DA:376,1
DA:377,1
DA:378,1
DA:379,1
DA:380,1
DA:381,1
DA:382,1
DA:383,1
DA:384,1
DA:385,1
DA:386,1
DA:387,1
DA:388,1
DA:389,1
DA:390,1
DA:391,1
DA:392,1
DA:393,1
DA:394,1
DA:395,1
DA:396,1
DA:397,1
DA:398,1
DA:399,1
DA:400,1
DA:401,1
DA:402,22
DA:403,22
DA:404,22
DA:405,22
DA:406,22
DA:407,22
DA:408,22
DA:409,22
DA:410,22
DA:411,22
DA:412,22
DA:413,22
DA:414,22
DA:415,22
DA:416,22
DA:417,22
DA:418,22
DA:419,21
DA:420,21
DA:421,1
DA:422,1
DA:423,1
DA:424,1
DA:425,1
DA:426,1
DA:427,1
DA:428,1
DA:429,1
DA:430,1
DA:431,1
DA:432,1
DA:433,1
DA:434,1
DA:435,1
DA:436,1
DA:437,1
DA:438,1
DA:439,1
DA:440,1
DA:441,1
DA:442,1
DA:443,1
DA:444,1
DA:445,1
DA:446,1
DA:447,1
DA:448,1
DA:449,1
DA:450,1
DA:451,1
DA:452,1
DA:453,1
DA:454,1
DA:455,1
DA:456,3
DA:457,3
DA:458,3
DA:459,3
DA:460,3
DA:461,3
DA:462,3
DA:463,1
DA:464,1
DA:465,1
DA:466,3
DA:467,3
DA:468,1
DA:469,1
DA:470,2
DA:471,2
DA:472,2
DA:473,2
DA:474,2
DA:475,2
DA:476,2
DA:477,3
DA:478,0
DA:479,0
DA:480,0
DA:481,0
DA:482,2
DA:483,3
DA:484,1
DA:485,1
DA:486,1
DA:487,1
DA:488,1
DA:489,1
DA:490,1
DA:491,0
DA:492,0
DA:493,1
DA:494,2
DA:495,2
DA:496,2
DA:497,3
DA:498,3
DA:499,3
DA:500,0
DA:501,0
DA:502,2
DA:503,2
DA:504,2
DA:505,2
DA:506,2
DA:507,2
DA:508,2
DA:509,2
DA:510,2
DA:511,2
DA:512,6
DA:513,6
DA:514,6
DA:515,6
DA:516,6
DA:517,6
DA:518,6
DA:519,2
DA:520,2
DA:521,2
DA:522,2
DA:523,1
DA:524,1
LF:524
LH:502
BRDA:27,0,0,24
BRDA:151,1,0,21
BRDA:162,2,0,1
BRDA:163,3,0,20
BRDA:167,4,0,1
BRDA:170,5,0,19
BRDA:173,6,0,1
BRDA:176,7,0,18
BRDA:179,8,0,0
BRDA:179,9,0,18
BRDA:181,10,0,0
BRDA:182,11,0,18
BRDA:188,12,0,0
BRDA:193,13,0,18
BRDA:202,14,0,0
BRDA:202,15,0,18
BRDA:203,16,0,0
BRDA:204,17,0,18
BRDA:205,18,0,1
BRDA:208,19,0,0
BRDA:215,20,0,0
BRDA:218,21,0,0
BRDA:219,22,0,0
BRDA:229,23,0,0
BRDA:230,24,0,0
BRDA:244,25,0,17
BRDA:244,26,0,2
BRDA:253,27,0,15
BRDA:254,28,0,14
BRDA:254,29,0,1
BRDA:259,30,0,14
BRDA:268,31,0,2
BRDA:276,32,0,12
BRDA:286,33,0,15
BRDA:341,34,0,18
BRDA:368,35,0,1
BRDA:382,36,0,1
BRDA:401,37,0,22
BRDA:418,38,0,1
BRDA:419,39,0,21
BRDA:430,40,0,1
BRDA:435,41,0,1
BRDA:455,42,0,3
BRDA:462,43,0,1
BRDA:467,44,0,1
BRDA:470,45,0,2
BRDA:477,46,0,0
BRDA:482,47,0,2
BRDA:483,48,0,1
BRDA:490,49,0,0
BRDA:494,50,0,2
BRDA:497,51,0,0
BRDA:497,52,0,2
BRDA:499,53,0,2
BRDA:499,54,0,0
BRDA:502,55,0,2
BRDA:511,56,0,6
BRDA:515,57,0,3
BRDA:515,58,0,3
BRDA:45,59,0,426
BRDA:56,60,0,2
BRDA:62,61,0,0
BRDA:66,62,0,0
BRDA:74,63,0,1
BRDA:74,64,0,1
BRDA:74,65,0,1
BRDA:92,66,0,0
BRDA:104,67,0,6
BRDA:124,68,0,1
BRDA:125,69,0,5
BRDA:132,70,0,5
BRDA:138,71,0,0
BRDA:34,72,0,24
BRDA:36,73,0,24
BRF:74
BRH:55
end_of_record
TN:
SF:src/quantifications/quantitifcations.controller.ts
FN:31,QuantificationsController
FN:49,export
FNF:2
FNH:2
FNDA:24,QuantificationsController
FNDA:5,export
DA:1,1
DA:2,1
DA:3,1
DA:4,1
DA:5,1
DA:6,1
DA:7,1
DA:8,1
DA:9,1
DA:10,1
DA:11,1
DA:12,1
DA:13,1
DA:14,1
DA:15,1
DA:16,1
DA:17,1
DA:18,1
DA:19,1
DA:20,1
DA:21,1
DA:22,1
DA:23,1
DA:24,1
DA:25,1
DA:26,1
DA:27,1
DA:28,1
DA:29,1
DA:30,1
DA:31,1
DA:32,24
DA:33,24
DA:34,24
DA:35,1
DA:36,1
DA:37,1
DA:38,1
DA:39,1
DA:40,1
DA:41,1
DA:42,1
DA:43,1
DA:44,1
DA:45,1
DA:46,1
DA:47,1
DA:48,1
DA:49,1
DA:50,5
DA:51,5
DA:52,5
DA:53,5
DA:54,5
DA:55,5
DA:56,5
DA:57,5
DA:58,5
DA:59,5
DA:60,5
DA:61,5
DA:62,5
DA:63,5
DA:64,5
DA:65,5
DA:66,5
DA:67,5
DA:68,5
DA:69,5
DA:70,3
DA:71,3
DA:72,1
DA:73,1
DA:74,1
DA:75,1
DA:76,3
DA:77,3
DA:78,3
DA:79,3
DA:80,3
DA:81,3
DA:82,3
DA:83,3
DA:84,3
DA:85,2
DA:86,4
DA:87,5
DA:88,0
DA:89,0
DA:90,4
DA:91,4
DA:92,4
DA:93,4
DA:94,4
DA:95,4
DA:96,4
DA:97,4
DA:98,4
DA:99,1
LF:99
LH:97
BRDA:31,0,0,24
BRDA:49,1,0,5
BRDA:53,2,0,0
BRDA:69,3,0,3
BRDA:71,4,0,1
BRDA:85,5,0,2
BRDA:86,6,0,4
BRDA:87,7,0,0
BRDA:90,8,0,4
BRF:9
BRH:7
end_of_record
TN:
SF:src/quantifications/services/quantifications-export.service.ts
FN:16,QuantificationsExportService
FN:39,exportInputToQuery
FN:73,countQuantifications
FN:95,createQuantificationsCursor
FN:133,generateAllExports
FNF:5
FNH:5
FNDA:24,QuantificationsExportService
FNDA:3,exportInputToQuery
FNDA:2,countQuantifications
FNDA:2,createQuantificationsCursor
FNDA:3,generateAllExports
DA:1,1
DA:2,1
DA:3,1
DA:4,1
DA:5,1
DA:6,1
DA:7,1
DA:8,1
DA:9,1
DA:10,1
DA:11,1
DA:12,1
DA:13,1
DA:14,1
DA:15,1
DA:16,1
DA:17,24
DA:18,24
DA:19,24
DA:20,24
DA:21,24
DA:22,1
DA:23,1
DA:24,1
DA:25,1
DA:26,1
DA:27,1
DA:28,1
DA:29,1
DA:30,1
DA:31,1
DA:32,1
DA:33,1
DA:34,1
DA:35,1
DA:36,1
DA:37,1
DA:38,1
DA:39,1
DA:40,3
DA:41,3
DA:42,3
DA:43,2
DA:44,1
DA:45,1
DA:46,1
DA:47,1
DA:48,1
DA:49,1
DA:50,1
DA:51,1
DA:52,1
DA:53,3
DA:54,1
DA:55,1
DA:56,1
DA:57,1
DA:58,1
DA:59,1
DA:60,1
DA:61,0
DA:62,0
DA:63,0
DA:64,0
DA:65,0
DA:66,1
DA:67,2
DA:68,2
DA:69,1
DA:70,1
DA:71,1
DA:72,1
DA:73,1
DA:74,2
DA:75,2
DA:76,2
DA:77,2
DA:78,2
DA:79,2
DA:80,2
DA:81,2
DA:82,2
DA:83,2
DA:84,2
DA:85,2
DA:86,2
DA:87,2
DA:88,2
DA:89,2
DA:90,2
DA:91,1
DA:92,1
DA:93,1
DA:94,1
DA:95,1
DA:96,2
DA:97,2
DA:98,2
DA:99,2
DA:100,2
DA:101,2
DA:102,2
DA:103,2
DA:104,2
DA:105,2
DA:106,2
DA:107,2
DA:108,2
DA:109,2
DA:110,2
DA:111,2
DA:112,2
DA:113,2
DA:114,2
DA:115,2
DA:116,2
DA:117,2
DA:118,2
DA:119,2
DA:120,2
DA:121,2
DA:122,2
DA:123,2
DA:124,2
DA:125,2
DA:126,2
DA:127,2
DA:128,2
DA:129,1
DA:130,1
DA:131,1
DA:132,1
DA:133,1
DA:134,3
DA:135,2
DA:136,2
DA:137,2
DA:138,2
DA:139,2
DA:140,3
DA:141,0
DA:142,0
DA:143,0
DA:144,0
DA:145,0
DA:146,0
DA:147,0
DA:148,2
DA:149,2
DA:150,2
DA:151,2
DA:152,2
DA:153,2
DA:154,2
DA:155,2
DA:156,2
DA:157,2
DA:158,2
DA:159,2
DA:160,2
DA:161,2
DA:162,2
DA:163,2
DA:164,2
DA:165,2
DA:166,2
DA:167,1
LF:167
LH:155
BRDA:16,0,0,24
BRDA:39,1,0,3
BRDA:42,2,0,2
BRDA:43,3,0,1
BRDA:43,4,0,1
BRDA:53,5,0,1
BRDA:60,6,0,0
BRDA:67,7,0,2
BRDA:73,8,0,2
BRDA:89,9,0,0
BRDA:95,10,0,2
BRDA:133,11,0,3
BRDA:135,12,0,2
BRDA:140,13,0,0
BRDA:148,14,0,2
BRDA:17,15,0,24
BRDA:19,16,0,24
BRF:17
BRH:14
end_of_record
TN:
SF:src/quantifications/services/quantifications.service.ts
FN:14,QuantificationsService
FN:162,QuantificationsService.findQuantificationsByPraiseId
FN:187,QuantificationsService.isQuantificationCompleted
FN:202,QuantificationsService.calculateQuantificationsCompositeScore
FN:255,QuantificationsService.calculateQuantificationScore
FN:280,QuantificationsService.calculateQuantificationDuplicateScore
FN:331,QuantificationsService.calculateDuplicateScore
FN:359,QuantificationsService.updateQuantification
FN:34,getModel
FN:45,findOneById
FN:57,findLatest
FN:76,findOneByQuantifierAndPraise
FN:125,findByQuantifierAndDuplicatePraise
FN:141,findByQuantifierAndDuplicatePraiseExist
FNF:14
FNH:13
FNDA:24,QuantificationsService
FNDA:15,QuantificationsService.findQuantificationsByPraiseId
FNDA:788,QuantificationsService.isQuantificationCompleted
FNDA:15,QuantificationsService.calculateQuantificationsCompositeScore
FNDA:76,QuantificationsService.calculateQuantificationScore
FNDA:2,QuantificationsService.calculateQuantificationDuplicateScore
FNDA:2,QuantificationsService.calculateDuplicateScore
FNDA:15,QuantificationsService.updateQuantification
FNDA:142,getModel
FNDA:0,findOneById
FNDA:5,findLatest
FNDA:18,findOneByQuantifierAndPraise
FNDA:18,findByQuantifierAndDuplicatePraise
FNDA:1,findByQuantifierAndDuplicatePraiseExist
DA:1,1
DA:2,1
DA:3,1
DA:4,1
DA:5,1
DA:6,1
DA:7,1
DA:8,1
DA:9,1
DA:10,1
DA:11,1
DA:12,1
DA:13,1
DA:14,1
DA:15,24
DA:16,24
DA:17,24
DA:18,24
DA:19,24
DA:20,24
DA:21,24
DA:22,24
DA:23,24
DA:24,1
DA:25,1
DA:26,1
DA:27,1
DA:28,1
DA:29,1
DA:30,1
DA:31,1
DA:32,1
DA:33,1
DA:34,1
DA:35,142
DA:36,142
DA:37,1
DA:38,1
DA:39,1
DA:40,1
DA:41,1
DA:42,1
DA:43,1
DA:44,1
DA:45,1
DA:46,0
DA:47,0
DA:48,0
DA:49,0
DA:50,0
DA:51,0
DA:52,0
DA:53,1
DA:54,1
DA:55,1
DA:56,1
DA:57,1
DA:58,5
DA:59,5
DA:60,5
DA:61,5
DA:62,5
DA:63,5
DA:64,5
DA:65,5
DA:66,5
DA:67,1
DA:68,1
DA:69,1
DA:70,1
DA:71,1
DA:72,1
DA:73,1
DA:74,1
DA:75,1
DA:76,1
DA:77,18
DA:78,18
DA:79,18
DA:80,18
DA:81,18
DA:82,18
DA:83,18
DA:84,18
DA:85,18
DA:86,18
DA:87,18
DA:88,18
DA:89,18
DA:90,18
DA:91,18
DA:92,18
DA:93,18
DA:94,18
DA:95,18
DA:96,18
DA:97,18
DA:98,18
DA:99,18
DA:100,18
DA:101,18
DA:102,18
DA:103,18
DA:104,18
DA:105,18
DA:106,18
DA:107,18
DA:108,18
DA:109,18
DA:110,18
DA:111,18
DA:112,18
DA:113,18
DA:114,18
DA:115,18
DA:116,1
DA:117,1
DA:118,1
DA:119,1
DA:120,1
DA:121,1
DA:122,1
DA:123,1
DA:124,1
DA:125,1
DA:126,18
DA:127,18
DA:128,18
DA:129,18
DA:130,18
DA:131,18
DA:132,18
DA:133,18
DA:134,18
DA:135,1
DA:136,1
DA:137,1
DA:138,1
DA:139,1
DA:140,1
DA:141,1
DA:142,1
DA:143,1
DA:144,1
DA:145,1
DA:146,1
DA:147,1
DA:148,1
DA:149,1
DA:150,1
DA:151,1
DA:152,1
DA:153,1
DA:154,1
DA:155,1
DA:156,1
DA:157,1
DA:158,1
DA:159,1
DA:160,1
DA:161,1
DA:162,1
DA:163,15
DA:164,15
DA:165,15
DA:166,15
DA:167,15
DA:168,15
DA:169,15
DA:170,15
DA:171,15
DA:172,0
DA:173,0
DA:174,0
DA:175,0
DA:176,0
DA:177,15
DA:178,15
DA:179,1
DA:180,1
DA:181,1
DA:182,1
DA:183,1
DA:184,1
DA:185,1
DA:186,1
DA:187,1
DA:188,788
DA:189,788
DA:190,788
DA:191,722
DA:192,788
DA:193,1
DA:194,1
DA:195,1
DA:196,1
DA:197,1
DA:198,1
DA:199,1
DA:200,1
DA:201,1
DA:202,1
DA:203,15
DA:204,15
DA:205,15
DA:206,15
DA:207,15
DA:208,15
DA:209,15
DA:210,15
DA:211,15
DA:212,15
DA:213,15
DA:214,39
DA:215,39
DA:216,39
DA:217,39
DA:218,39
DA:219,39
DA:220,39
DA:221,39
DA:222,39
DA:223,15
DA:224,15
DA:225,15
DA:226,15
DA:227,39
DA:228,37
DA:229,15
DA:230,15
DA:231,15
DA:232,15
DA:233,15
DA:234,15
DA:235,15
DA:236,37
DA:237,37
DA:238,15
DA:239,15
DA:240,15
DA:241,15
DA:242,15
DA:243,15
DA:244,15
DA:245,15
DA:246,15
DA:247,1
DA:248,1
DA:249,1
DA:250,1
DA:251,1
DA:252,1
DA:253,1
DA:254,1
DA:255,1
DA:256,76
DA:257,76
DA:258,76
DA:259,76
DA:260,76
DA:261,76
DA:262,76
DA:263,28
DA:264,76
DA:265,2
DA:266,2
DA:267,2
DA:268,2
DA:269,2
DA:270,2
DA:271,76
DA:272,1
DA:273,1
DA:274,1
DA:275,1
DA:276,1
DA:277,1
DA:278,1
DA:279,1
DA:280,1
DA:281,2
DA:282,2
DA:283,2
DA:284,2
DA:285,2
DA:286,2
DA:287,0
DA:288,0
DA:289,2
DA:290,2
DA:291,2
DA:292,2
DA:293,2
DA:294,2
DA:295,2
DA:296,2
DA:297,2
DA:298,2
DA:299,2
DA:300,2
DA:301,2
DA:302,2
DA:303,0
DA:304,0
DA:305,2
DA:306,2
DA:307,2
DA:308,2
DA:309,0
DA:310,0
DA:311,0
DA:312,0
DA:313,2
DA:314,2
DA:315,2
DA:316,2
DA:317,2
DA:318,2
DA:319,2
DA:320,2
DA:321,1
DA:322,1
DA:323,1
DA:324,1
DA:325,1
DA:326,1
DA:327,1
DA:328,1
DA:329,1
DA:330,1
DA:331,1
DA:332,2
DA:333,2
DA:334,2
DA:335,2
DA:336,2
DA:337,2
DA:338,2
DA:339,2
DA:340,2
DA:341,2
DA:342,0
DA:343,0
DA:344,2
DA:345,2
DA:346,2
DA:347,2
DA:348,2
DA:349,2
DA:350,1
DA:351,1
DA:352,1
DA:353,1
DA:354,1
DA:355,1
DA:356,1
DA:357,1
DA:358,1
DA:359,1
DA:360,15
DA:361,15
DA:362,15
DA:363,15
DA:364,15
DA:365,15
DA:366,15
DA:367,15
DA:368,15
DA:369,15
DA:370,15
DA:371,15
DA:372,15
DA:373,15
DA:374,15
DA:375,15
DA:376,15
DA:377,1
DA:378,1
DA:379,15
DA:380,15
DA:381,15
DA:382,15
DA:383,15
DA:384,15
DA:385,15
DA:386,15
DA:387,15
DA:388,15
DA:389,0
DA:390,0
DA:391,0
DA:392,0
DA:393,0
DA:394,15
DA:395,15
DA:396,1
DA:397,1
LF:397
LH:370
BRDA:14,0,0,24
BRDA:162,1,0,15
BRDA:171,2,0,0
BRDA:187,3,0,788
BRDA:189,4,0,745
BRDA:190,5,0,722
BRDA:202,6,0,15
BRDA:213,7,0,54
BRDA:213,8,0,39
BRDA:231,9,0,0
BRDA:226,10,0,39
BRDA:227,11,0,2
BRDA:228,12,0,37
BRDA:235,13,0,37
BRDA:255,14,0,76
BRDA:262,15,0,28
BRDA:264,16,0,48
BRDA:264,17,0,2
BRDA:280,18,0,2
BRDA:286,19,0,0
BRDA:302,20,0,0
BRDA:308,21,0,0
BRDA:331,22,0,2
BRDA:341,23,0,0
BRDA:359,24,0,15
BRDA:369,25,0,0
BRDA:372,26,0,0
BRDA:375,27,0,14
BRDA:376,28,0,1
BRDA:379,29,0,0
BRDA:388,30,0,0
BRDA:34,31,0,142
BRDA:57,32,0,5
BRDA:64,33,0,0
BRDA:76,34,0,18
BRDA:112,35,0,0
BRDA:125,36,0,18
BRDA:141,37,0,1
BRDA:17,38,0,24
BRDA:19,39,0,24
BRDA:21,40,0,24
BRF:41
BRH:29
end_of_record
TN:
SF:src/settings/settings.controller.ts
FN:38,SettingsController
FN:53,findAll
FN:68,findOne
FN:85,set
FN:108,setWithUpload
FN:121,serveUpload
FNF:6
FNH:4
FNDA:24,SettingsController
FNDA:5,findAll
FNDA:1,findOne
FNDA:10,set
FNDA:0,setWithUpload
FNDA:0,serveUpload
DA:1,1
DA:2,1
DA:3,1
DA:4,1
DA:5,1
DA:6,1
DA:7,1
DA:8,1
DA:9,1
DA:10,1
DA:11,1
DA:12,1
DA:13,1
DA:14,1
DA:15,1
DA:16,1
DA:17,1
DA:18,1
DA:19,1
DA:20,1
DA:21,1
DA:22,1
DA:23,1
DA:24,1
DA:25,1
DA:26,1
DA:27,1
DA:28,1
DA:29,1
DA:30,1
DA:31,1
DA:32,1
DA:33,1
DA:34,1
DA:35,1
DA:36,1
DA:37,1
DA:38,1
DA:39,24
DA:40,24
DA:41,24
DA:42,1
DA:43,1
DA:44,1
DA:45,1
DA:46,1
DA:47,1
DA:48,1
DA:49,1
DA:50,1
DA:51,1
DA:52,1
DA:53,1
DA:54,5
DA:55,5
DA:56,1
DA:57,1
DA:58,1
DA:59,1
DA:60,1
DA:61,1
DA:62,1
DA:63,1
DA:64,1
DA:65,1
DA:66,1
DA:67,1
DA:68,1
DA:69,1
DA:70,1
DA:71,1
DA:72,1
DA:73,1
DA:74,1
DA:75,1
DA:76,1
DA:77,1
DA:78,1
DA:79,1
DA:80,1
DA:81,1
DA:82,1
DA:83,1
DA:84,1
DA:85,1
DA:86,10
DA:87,10
DA:88,10
DA:89,10
DA:90,10
DA:91,1
DA:92,1
DA:93,1
DA:94,1
DA:95,1
DA:96,1
DA:97,1
DA:98,1
DA:99,1
DA:100,1
DA:101,1
DA:102,1
DA:103,1
DA:104,1
DA:105,1
DA:106,1
DA:107,1
DA:108,1
DA:109,0
DA:110,0
DA:111,0
DA:112,0
DA:113,0
DA:114,1
DA:115,1
DA:116,1
DA:117,1
DA:118,1
DA:119,1
DA:120,1
DA:121,1
DA:122,0
DA:123,0
DA:124,0
DA:125,0
DA:126,0
DA:127,1
LF:127
LH:117
BRDA:38,0,0,24
BRDA:53,1,0,5
BRDA:68,2,0,1
BRDA:85,3,0,10
BRF:4
BRH:4
end_of_record
TN:
SF:src/settings/settings.service.ts
FN:18,SettingsService
FN:31,getModel
FN:41,findAll
FN:53,findOneById
FN:72,findOneByKey
FN:90,setOne
FN:123,setImageSetting
FN:168,settingValue
FN:214,findByGroup
FNF:9
FNH:8
FNDA:24,SettingsService
FNDA:270,getModel
FNDA:5,findAll
FNDA:17,findOneById
FNDA:2,findOneByKey
FNDA:10,setOne
FNDA:0,setImageSetting
FNDA:35,settingValue
FNDA:3,findByGroup
DA:1,1
DA:2,1
DA:3,1
DA:4,1
DA:5,1
DA:6,1
DA:7,1
DA:8,1
DA:9,1
DA:10,1
DA:11,1
DA:12,1
DA:13,1
DA:14,1
DA:15,1
DA:16,1
DA:17,1
DA:18,1
DA:19,24
DA:20,24
DA:21,24
DA:22,24
DA:23,24
DA:24,24
DA:25,24
DA:26,1
DA:27,1
DA:28,1
DA:29,1
DA:30,1
DA:31,1
DA:32,270
DA:33,270
DA:34,1
DA:35,1
DA:36,1
DA:37,1
DA:38,1
DA:39,1
DA:40,1
DA:41,1
DA:42,5
DA:43,5
DA:44,5
DA:45,1
DA:46,1
DA:47,1
DA:48,1
DA:49,1
DA:50,1
DA:51,1
DA:52,1
DA:53,1
DA:54,17
DA:55,17
DA:56,17
DA:57,17
DA:58,17
DA:59,17
DA:60,17
DA:61,17
DA:62,17
DA:63,17
DA:64,1
DA:65,1
DA:66,1
DA:67,1
DA:68,1
DA:69,1
DA:70,1
DA:71,1
DA:72,1
DA:73,2
DA:74,2
DA:75,2
DA:76,2
DA:77,2
DA:78,2
DA:79,2
DA:80,2
DA:81,2
DA:82,1
DA:83,1
DA:84,1
DA:85,1
DA:86,1
DA:87,1
DA:88,1
DA:89,1
DA:90,1
DA:91,10
DA:92,10
DA:93,10
DA:94,10
DA:95,10
DA:96,10
DA:97,10
DA:98,10
DA:99,10
DA:100,0
DA:101,0
DA:102,10
DA:103,10
DA:104,10
DA:105,10
DA:106,10
DA:107,10
DA:108,5
DA:109,5
DA:110,5
DA:111,5
DA:112,5
DA:113,5
DA:114,5
DA:115,10
DA:116,10
DA:117,10
DA:118,5
DA:119,5
DA:120,5
DA:121,5
DA:122,1
DA:123,1
DA:124,0
DA:125,0
DA:126,0
DA:127,0
DA:128,0
DA:129,0
DA:130,0
DA:131,0
DA:132,0
DA:133,0
DA:134,0
DA:135,0
DA:136,0
DA:137,0
DA:138,0
DA:139,0
DA:140,0
DA:141,0
DA:142,0
DA:143,0
DA:144,0
DA:145,0
DA:146,0
DA:147,0
DA:148,0
DA:149,0
DA:150,0
DA:151,0
DA:152,0
DA:153,0
DA:154,0
DA:155,0
DA:156,0
DA:157,0
DA:158,0
DA:159,0
DA:160,1
DA:161,1
DA:162,1
DA:163,1
DA:164,1
DA:165,1
DA:166,1
DA:167,1
DA:168,1
DA:169,35
DA:170,35
DA:171,35
DA:172,35
DA:173,35
DA:174,35
DA:175,35
DA:176,0
DA:177,0
DA:178,0
DA:179,0
DA:180,0
DA:181,0
DA:182,0
DA:183,0
DA:184,0
DA:185,35
DA:186,35
DA:187,35
DA:188,35
DA:189,35
DA:190,35
DA:191,35
DA:192,35
DA:193,34
DA:194,34
DA:195,34
DA:196,34
DA:197,34
DA:198,34
DA:199,34
DA:200,0
DA:201,0
DA:202,34
DA:203,35
DA:204,35
DA:205,35
DA:206,35
DA:207,1
DA:208,1
DA:209,1
DA:210,1
DA:211,1
DA:212,1
DA:213,1
DA:214,1
DA:215,3
DA:216,3
DA:217,3
DA:218,3
DA:219,3
DA:220,3
DA:221,1
LF:221
LH:172
BRDA:18,0,0,24
BRDA:31,1,0,270
BRDA:41,2,0,5
BRDA:42,3,0,0
BRDA:53,4,0,17
BRDA:61,5,0,0
BRDA:72,6,0,2
BRDA:90,7,0,10
BRDA:95,8,0,0
BRDA:99,9,0,0
BRDA:107,10,0,5
BRDA:115,11,0,0
BRDA:116,12,0,0
BRDA:118,13,0,5
BRDA:168,14,0,35
BRDA:175,15,0,0
BRDA:192,16,0,34
BRDA:199,17,0,0
BRDA:205,18,0,34
BRDA:205,19,0,1
BRDA:214,20,0,3
BRDA:21,21,0,24
BRF:22
BRH:14
end_of_record
TN:
SF:src/settings/providers/file-utils.provider.ts
FN:8,FileUtilsProvider
FN:40,FileUtilsProvider.removeFile
FN:10,isJpg
FN:18,isPng
FN:35,isImage
FNF:5
FNH:1
FNDA:24,FileUtilsProvider
FNDA:0,FileUtilsProvider.removeFile
FNDA:0,isJpg
FNDA:0,isPng
FNDA:0,isImage
DA:1,1
DA:2,1
DA:3,1
DA:4,1
DA:5,1
DA:6,1
DA:7,1
DA:8,1
DA:9,1
DA:10,1
DA:11,0
DA:12,0
DA:13,0
DA:14,0
DA:15,0
DA:16,0
DA:17,1
DA:18,1
DA:19,0
DA:20,0
DA:21,0
DA:22,0
DA:23,0
DA:24,0
DA:25,0
DA:26,0
DA:27,0
DA:28,0
DA:29,0
DA:30,0
DA:31,0
DA:32,0
DA:33,0
DA:34,1
DA:35,1
DA:36,0
DA:37,0
DA:38,0
DA:39,1
DA:40,1
DA:41,0
DA:42,1
DA:43,1
LF:43
LH:18
BRDA:8,0,0,24
BRF:1
BRH:1
end_of_record
TN:
SF:src/settings/utils/upload-storage.ts
FN:6,destination
FN:9,filename
FNF:2
FNH:0
FNDA:0,destination
FNDA:0,filename
DA:1,1
DA:2,1
DA:3,1
DA:4,1
DA:5,1
DA:6,1
DA:7,0
DA:8,1
DA:9,1
DA:10,0
DA:11,0
DA:12,0
DA:13,1
DA:14,1
LF:14
LH:10
BRF:0
BRH:0
end_of_record
TN:
SF:src/settings/utils/validate-setting.ts
FN:5,isNumeric
FN:12,validateSetting
FNF:2
FNH:2
FNDA:16,isNumeric
FNDA:21,validateSetting
DA:1,1
DA:2,1
DA:3,1
DA:4,1
DA:5,16
DA:6,16
DA:7,16
DA:8,1
DA:9,1
DA:10,1
DA:11,1
DA:12,21
DA:13,21
DA:14,21
DA:15,21
DA:16,21
DA:17,8
DA:18,8
DA:19,8
DA:20,8
DA:21,8
DA:22,13
DA:23,13
DA:24,13
DA:25,21
DA:26,21
DA:27,12
DA:28,21
DA:29,1
DA:30,1
DA:31,12
DA:32,21
DA:33,4
DA:34,4
DA:35,4
DA:36,4
DA:37,4
DA:38,8
DA:39,21
DA:40,4
DA:41,4
DA:42,4
DA:43,4
DA:44,4
DA:45,8
DA:46,2
DA:47,2
DA:48,8
DA:49,8
DA:50,4
DA:51,4
DA:52,4
DA:53,4
DA:54,4
DA:55,4
DA:56,4
DA:57,4
DA:58,4
DA:59,4
DA:60,4
DA:61,4
DA:62,4
DA:63,2
DA:64,2
DA:65,4
DA:66,0
DA:67,0
DA:68,0
DA:69,0
DA:70,0
DA:71,0
DA:72,0
DA:73,0
DA:74,0
DA:75,0
DA:76,0
DA:77,0
DA:78,0
DA:79,0
DA:80,0
DA:81,0
DA:82,0
LF:82
LH:65
BRDA:5,0,0,16
BRDA:6,1,0,10
BRDA:12,2,0,21
BRDA:16,3,0,17
BRDA:16,4,0,8
BRDA:22,5,0,17
BRDA:22,6,0,13
BRDA:24,7,0,12
BRDA:25,8,0,12
BRDA:26,9,0,12
BRDA:28,10,0,1
BRDA:31,11,0,12
BRDA:32,12,0,4
BRDA:38,13,0,8
BRDA:39,14,0,4
BRDA:62,15,0,2
BRDA:66,16,0,0
BRDA:42,17,0,8
BRDA:44,18,0,8
BRDA:45,19,0,6
BRDA:45,20,0,2
BRF:21
BRH:20
end_of_record
TN:
SF:src/settings/utils/value-to-value-realized.util.ts
FN:3,valueToValueRealized
FNF:1
FNH:1
FNDA:83,valueToValueRealized
DA:1,1
DA:2,1
DA:3,83
DA:4,83
DA:5,83
DA:6,83
DA:7,83
DA:8,83
DA:9,83
DA:10,83
DA:11,22
DA:12,83
DA:13,7
DA:14,83
DA:15,7
DA:16,83
DA:17,7
DA:18,83
DA:19,0
DA:20,83
DA:21,0
DA:22,0
DA:23,0
DA:24,83
DA:25,7
DA:26,83
DA:27,33
DA:28,83
DA:29,83
LF:29
LH:25
BRDA:3,0,0,83
BRDA:7,1,0,0
BRDA:10,2,0,22
BRDA:12,3,0,7
BRDA:14,4,0,7
BRDA:15,5,0,1
BRDA:15,6,0,6
BRDA:16,7,0,7
BRDA:18,8,0,0
BRDA:20,9,0,0
BRDA:24,10,0,7
BRDA:25,11,0,0
BRDA:26,12,0,33
BRDA:17,13,0,21
BRF:14
BRH:10
end_of_record
TN:
SF:src/shared/duckdb.shared.ts
FN:6,exec
FNF:1
FNH:1
FNDA:21,exec
DA:1,1
DA:2,1
DA:3,1
DA:4,1
DA:5,1
DA:6,21
DA:7,21
DA:8,21
DA:9,21
DA:10,0
DA:11,0
DA:12,21
DA:13,21
DA:14,21
DA:15,21
LF:15
LH:13
BRDA:6,0,0,21
BRDA:7,1,0,21
BRDA:8,2,0,21
BRDA:9,3,0,0
BRF:4
BRH:3
end_of_record
TN:
SF:src/shared/export.shared.ts
FN:13,exportOptionsHash
FN:24,exportContentType
FN:38,createJsonWriter
FN:47,transform
FN:67,writeCsvAndJsonExports
FN:94,generateParquetExport
FNF:6
FNH:6
FNDA:10,exportOptionsHash
FNDA:16,exportContentType
FNDA:7,createJsonWriter
FNDA:12,transform
FNDA:7,writeCsvAndJsonExports
FNDA:7,generateParquetExport
DA:1,1
DA:2,1
DA:3,1
DA:4,1
DA:5,1
DA:6,1
DA:7,1
DA:8,1
DA:9,1
DA:10,1
DA:11,1
DA:12,1
DA:13,10
DA:14,10
DA:15,10
DA:16,10
DA:17,10
DA:18,10
DA:19,10
DA:20,1
DA:21,1
DA:22,1
DA:23,1
DA:24,16
DA:25,16
DA:26,16
DA:27,0
DA:28,16
DA:29,11
DA:30,16
DA:31,16
DA:32,16
DA:33,16
DA:34,1
DA:35,1
DA:36,1
DA:37,1
DA:38,7
DA:39,7
DA:40,7
DA:41,7
DA:42,7
DA:43,7
DA:44,7
DA:45,7
DA:46,7
DA:47,7
DA:48,12
DA:49,12
DA:50,12
DA:51,7
DA:52,7
DA:53,7
DA:54,7
DA:55,7
DA:56,7
DA:57,7
DA:58,7
DA:59,7
DA:60,7
DA:61,7
DA:62,7
DA:63,1
DA:64,1
DA:65,1
DA:66,1
DA:67,1
DA:68,7
DA:69,7
DA:70,7
DA:71,7
DA:72,7
DA:73,7
DA:74,7
DA:75,7
DA:76,7
DA:77,7
DA:78,7
DA:79,7
DA:80,7
DA:81,7
DA:82,7
DA:83,7
DA:84,7
DA:85,7
DA:86,7
DA:87,7
DA:88,7
DA:89,7
DA:90,1
DA:91,1
DA:92,1
DA:93,1
DA:94,1
DA:95,7
DA:96,7
DA:97,7
DA:98,7
DA:99,7
DA:100,7
DA:101,7
DA:102,7
DA:103,7
DA:104,7
DA:105,7
DA:106,7
DA:107,7
DA:108,7
DA:109,7
LF:109
LH:108
BRDA:13,0,0,10
BRDA:24,1,0,16
BRDA:26,2,0,0
BRDA:28,3,0,11
BRDA:30,4,0,5
BRDA:38,5,0,7
BRDA:47,6,0,12
BRDA:56,7,0,7
BRDA:67,8,0,7
BRDA:74,9,0,7
BRDA:83,10,0,7
BRDA:94,11,0,7
BRF:12
BRH:11
end_of_record
TN:
SF:src/shared/fs.shared.ts
FNF:0
FNH:0
DA:1,1
DA:2,1
DA:3,1
LF:3
LH:3
BRF:0
BRH:0
end_of_record
TN:
SF:src/shared/logger.ts
FN:12,level
FNF:1
FNH:1
FNDA:24,level
DA:1,1
DA:2,1
DA:3,1
DA:4,1
DA:5,1
DA:6,1
DA:7,1
DA:8,1
DA:9,1
DA:10,1
DA:11,1
DA:12,1
DA:13,24
DA:14,24
DA:15,24
DA:16,24
DA:17,24
DA:18,1
DA:19,1
DA:20,1
DA:21,1
DA:22,1
DA:23,1
DA:24,1
DA:25,1
DA:26,1
DA:27,1
DA:28,1
DA:29,1
DA:30,1
DA:31,1
DA:32,1
DA:33,1
DA:34,1
DA:35,1
DA:36,1
DA:37,1
DA:38,1
DA:39,1
DA:40,1
DA:41,1
DA:42,1
DA:43,1
DA:44,1
DA:45,1
DA:46,1
DA:47,1
DA:48,1
DA:49,1
DA:50,1
DA:51,1
DA:52,1
DA:53,1
DA:54,1
DA:55,1
DA:56,1
DA:57,1
DA:58,1
DA:59,1
DA:60,1
DA:61,1
DA:62,1
DA:63,1
DA:64,1
DA:65,1
LF:65
LH:65
BRDA:12,0,0,24
BRDA:13,1,0,0
BRDA:15,2,0,0
BRDA:16,3,0,0
BRDA:32,4,0,252
BRF:5
BRH:2
end_of_record
TN:
SF:src/shared/decorators/expose-id.decorator.ts
FN:6,ExposeId
FNF:1
FNH:1
FNDA:228,ExposeId
DA:1,1
DA:2,1
DA:3,1
DA:4,1
DA:5,1
DA:6,1
DA:7,228
DA:8,3109
DA:9,228
DA:10,228
LF:10
LH:10
BRDA:6,0,0,228
BRDA:6,1,0,228
BRDA:7,2,0,3109
BRDA:8,3,0,3025
BRDA:8,4,0,84
BRF:5
BRH:5
end_of_record
TN:
SF:src/shared/decorators/min-length-allow-empty.decorator.ts
FN:7,MinLengthAllowEmpty
FN:18,validate
FN:24,defaultMessage
FNF:3
FNH:2
FNDA:24,MinLengthAllowEmpty
FNDA:2,validate
FNDA:0,defaultMessage
DA:1,1
DA:2,1
DA:3,1
DA:4,1
DA:5,1
DA:6,1
DA:7,24
DA:8,24
DA:9,24
DA:10,24
DA:11,24
DA:12,24
DA:13,24
DA:14,24
DA:15,24
DA:16,24
DA:17,24
DA:18,24
DA:19,2
DA:20,0
DA:21,0
DA:22,2
DA:23,24
DA:24,24
DA:25,0
DA:26,24
DA:27,24
DA:28,24
DA:29,24
DA:30,24
LF:30
LH:27
BRDA:7,0,0,24
BRDA:11,1,0,24
BRDA:18,2,0,2
BRDA:19,3,0,0
BRF:4
BRH:3
end_of_record
TN:
SF:src/shared/dto/export-input-format-only.ts
FNF:0
FNH:0
DA:1,1
DA:2,1
DA:3,1
DA:4,1
DA:5,1
DA:6,1
LF:6
LH:6
BRF:0
BRH:0
end_of_record
TN:
SF:src/shared/exceptions/api-exception.ts
FN:15,ApiException
FNF:1
FNH:1
FNDA:114,ApiException
DA:1,1
DA:2,1
DA:3,1
DA:4,1
DA:5,1
DA:6,1
DA:7,1
DA:8,1
DA:9,1
DA:10,1
DA:11,1
DA:12,1
DA:13,1
DA:14,1
DA:15,1
DA:16,114
DA:17,114
DA:18,114
DA:19,114
DA:20,114
DA:21,114
DA:22,1
LF:22
LH:22
BRDA:15,0,0,114
BRF:1
BRH:1
end_of_record
TN:
SF:src/shared/exceptions/error-messages.ts
FNF:0
FNH:0
DA:1,1
DA:2,1
DA:3,1
DA:4,1
DA:5,1
DA:6,1
DA:7,1
DA:8,1
DA:9,1
DA:10,1
DA:11,1
DA:12,1
DA:13,1
DA:14,1
DA:15,1
DA:16,1
DA:17,1
DA:18,1
DA:19,1
DA:20,1
DA:21,1
DA:22,1
DA:23,1
DA:24,1
DA:25,1
DA:26,1
DA:27,1
DA:28,1
DA:29,1
DA:30,1
DA:31,1
DA:32,1
DA:33,1
DA:34,1
DA:35,1
DA:36,1
DA:37,1
DA:38,1
DA:39,1
DA:40,1
DA:41,1
DA:42,1
DA:43,1
DA:44,1
DA:45,1
DA:46,1
DA:47,1
DA:48,1
DA:49,1
DA:50,1
DA:51,1
DA:52,1
DA:53,1
DA:54,1
DA:55,1
DA:56,1
DA:57,1
DA:58,1
DA:59,1
DA:60,1
DA:61,1
DA:62,1
DA:63,1
DA:64,1
DA:65,1
DA:66,1
DA:67,1
DA:68,1
DA:69,1
DA:70,1
DA:71,1
DA:72,1
DA:73,1
DA:74,1
DA:75,1
DA:76,1
DA:77,1
DA:78,1
DA:79,1
DA:80,1
DA:81,1
DA:82,1
DA:83,1
DA:84,1
DA:85,1
DA:86,1
DA:87,1
DA:88,1
DA:89,1
DA:90,1
DA:91,1
DA:92,1
DA:93,1
DA:94,1
DA:95,1
DA:96,1
DA:97,1
DA:98,1
DA:99,1
DA:100,1
DA:101,1
DA:102,1
DA:103,1
DA:104,1
DA:105,1
DA:106,1
DA:107,1
DA:108,1
DA:109,1
DA:110,1
DA:111,1
DA:112,1
DA:113,1
DA:114,1
DA:115,1
DA:116,1
DA:117,1
DA:118,1
DA:119,1
DA:120,1
DA:121,1
DA:122,1
DA:123,1
DA:124,1
DA:125,1
DA:126,1
DA:127,1
DA:128,1
DA:129,1
DA:130,1
DA:131,1
DA:132,1
DA:133,1
DA:134,1
DA:135,1
DA:136,1
DA:137,1
DA:138,1
DA:139,1
DA:140,1
DA:141,1
DA:142,1
DA:143,1
DA:144,1
DA:145,1
DA:146,1
DA:147,1
DA:148,1
DA:149,1
DA:150,1
DA:151,1
DA:152,1
DA:153,1
DA:154,1
DA:155,1
DA:156,1
DA:157,1
DA:158,1
DA:159,1
DA:160,1
DA:161,1
DA:162,1
DA:163,1
DA:164,1
DA:165,1
DA:166,1
DA:167,1
DA:168,1
DA:169,1
DA:170,1
DA:171,1
DA:172,1
DA:173,1
DA:174,1
DA:175,1
DA:176,1
DA:177,1
DA:178,1
DA:179,1
DA:180,1
DA:181,1
DA:182,1
DA:183,1
DA:184,1
DA:185,1
DA:186,1
DA:187,1
DA:188,1
DA:189,1
DA:190,1
DA:191,1
DA:192,1
DA:193,1
DA:194,1
DA:195,1
DA:196,1
DA:197,1
DA:198,1
DA:199,1
DA:200,1
DA:201,1
DA:202,1
DA:203,1
DA:204,1
DA:205,1
DA:206,1
DA:207,1
DA:208,1
DA:209,1
DA:210,1
DA:211,1
DA:212,1
DA:213,1
DA:214,1
DA:215,1
DA:216,1
DA:217,1
DA:218,1
DA:219,1
DA:220,1
DA:221,1
DA:222,1
DA:223,1
DA:224,1
DA:225,1
DA:226,1
DA:227,1
DA:228,1
DA:229,1
DA:230,1
DA:231,1
DA:232,1
DA:233,1
DA:234,1
DA:235,1
DA:236,1
DA:237,1
DA:238,1
DA:239,1
DA:240,1
DA:241,1
DA:242,1
DA:243,1
DA:244,1
DA:245,1
DA:246,1
DA:247,1
DA:248,1
DA:249,1
DA:250,1
DA:251,1
DA:252,1
DA:253,1
DA:254,1
DA:255,1
DA:256,1
DA:257,1
DA:258,1
DA:259,1
DA:260,1
DA:261,1
DA:262,1
DA:263,1
DA:264,1
DA:265,1
DA:266,1
DA:267,1
DA:268,1
DA:269,1
DA:270,1
DA:271,1
DA:272,1
DA:273,1
DA:274,1
DA:275,1
DA:276,1
DA:277,1
DA:278,1
DA:279,1
DA:280,1
DA:281,1
DA:282,1
DA:283,1
DA:284,1
DA:285,1
DA:286,1
DA:287,1
DA:288,1
DA:289,1
DA:290,1
DA:291,1
DA:292,1
DA:293,1
DA:294,1
DA:295,1
DA:296,1
DA:297,1
DA:298,1
DA:299,1
DA:300,1
DA:301,1
DA:302,1
DA:303,1
DA:304,1
DA:305,1
DA:306,1
DA:307,1
DA:308,1
DA:309,1
DA:310,1
DA:311,1
DA:312,1
DA:313,1
DA:314,1
DA:315,1
DA:316,1
DA:317,1
DA:318,1
DA:319,1
DA:320,1
DA:321,1
DA:322,1
DA:323,1
DA:324,1
DA:325,1
DA:326,1
DA:327,1
DA:328,1
DA:329,1
DA:330,1
DA:331,1
DA:332,1
DA:333,1
DA:334,1
DA:335,1
DA:336,1
DA:337,1
DA:338,1
DA:339,1
DA:340,1
DA:341,1
DA:342,1
DA:343,1
DA:344,1
DA:345,1
DA:346,1
DA:347,1
DA:348,1
DA:349,1
DA:350,1
DA:351,1
DA:352,1
DA:353,1
DA:354,1
DA:355,1
DA:356,1
DA:357,1
DA:358,1
DA:359,1
DA:360,1
DA:361,1
DA:362,1
DA:363,1
DA:364,1
DA:365,1
DA:366,1
DA:367,1
DA:368,1
DA:369,1
DA:370,1
DA:371,1
DA:372,1
DA:373,1
DA:374,1
DA:375,1
DA:376,1
DA:377,1
DA:378,1
DA:379,1
DA:380,1
DA:381,1
DA:382,1
DA:383,1
DA:384,1
DA:385,1
DA:386,1
DA:387,1
DA:388,1
DA:389,1
DA:390,1
DA:391,1
DA:392,1
DA:393,1
DA:394,1
DA:395,1
DA:396,1
DA:397,1
DA:398,1
DA:399,1
DA:400,1
DA:401,1
DA:402,1
DA:403,1
DA:404,1
DA:405,1
DA:406,1
DA:407,1
DA:408,1
DA:409,1
DA:410,1
DA:411,1
DA:412,1
DA:413,1
DA:414,1
DA:415,1
DA:416,1
DA:417,1
DA:418,1
DA:419,1
DA:420,1
DA:421,1
DA:422,1
DA:423,1
DA:424,1
DA:425,1
DA:426,1
DA:427,1
DA:428,1
DA:429,1
DA:430,1
DA:431,1
DA:432,1
DA:433,1
DA:434,1
DA:435,1
DA:436,1
DA:437,1
DA:438,1
DA:439,1
DA:440,1
DA:441,1
DA:442,1
DA:443,1
DA:444,1
DA:445,1
DA:446,1
DA:447,1
DA:448,1
DA:449,1
DA:450,1
DA:451,1
DA:452,1
DA:453,1
DA:454,1
DA:455,1
DA:456,1
DA:457,1
DA:458,1
DA:459,1
DA:460,1
DA:461,1
DA:462,1
DA:463,1
DA:464,1
LF:464
LH:464
BRF:0
BRH:0
end_of_record
TN:
SF:src/shared/filters/mongo-server-error.filter.ts
FN:7,catch
FNF:1
FNH:1
FNDA:5,catch
DA:1,1
DA:2,1
DA:3,1
DA:4,1
DA:5,1
DA:6,1
DA:7,1
DA:8,5
DA:9,5
DA:10,5
DA:11,5
DA:12,5
DA:13,5
DA:14,5
DA:15,5
DA:16,5
DA:17,5
DA:18,5
DA:19,5
DA:20,0
DA:21,0
DA:22,0
DA:23,0
DA:24,0
DA:25,0
DA:26,0
DA:27,0
DA:28,0
DA:29,0
DA:30,0
DA:31,0
DA:32,0
DA:33,0
DA:34,1
LF:34
LH:20
BRDA:7,0,0,5
BRDA:20,1,0,0
BRF:2
BRH:1
end_of_record
TN:
SF:src/shared/filters/mongo-validation-error.filter.ts
FN:7,catch
FNF:1
FNH:1
FNDA:28,catch
DA:1,1
DA:2,1
DA:3,1
DA:4,1
DA:5,1
DA:6,1
DA:7,1
DA:8,28
DA:9,28
DA:10,28
DA:11,28
DA:12,28
DA:13,28
DA:14,28
DA:15,28
DA:16,28
DA:17,1
LF:17
LH:17
BRDA:7,0,0,28
BRF:1
BRH:1
end_of_record
TN:
SF:src/shared/filters/service-exception.filter.ts
FN:7,catch
FNF:1
FNH:1
FNDA:105,catch
DA:1,1
DA:2,1
DA:3,1
DA:4,1
DA:5,1
DA:6,1
DA:7,1
DA:8,105
DA:9,105
DA:10,105
DA:11,105
DA:12,105
DA:13,105
DA:14,105
DA:15,105
DA:16,105
DA:17,105
DA:18,105
DA:19,1
LF:19
LH:19
BRDA:7,0,0,105
BRDA:10,1,0,0
BRDA:14,2,0,0
BRDA:14,3,0,96
BRF:4
BRH:2
end_of_record
TN:
SF:src/shared/interceptors/mongoose-class-serializer.interceptor.ts
FN:15,MongooseClassSerializerInterceptor
FN:19,changePlainObjectToClass
FN:26,prepareResponse
FN:42,serialize
FNF:4
FNH:4
FNDA:468,MongooseClassSerializerInterceptor
FNDA:162,changePlainObjectToClass
FNDA:98,prepareResponse
FNDA:98,serialize
DA:1,1
DA:2,1
DA:3,1
DA:4,1
DA:5,1
DA:6,1
DA:7,1
DA:8,1
DA:9,1
DA:10,1
DA:11,1
DA:12,1
DA:13,1
DA:14,1
DA:15,468
DA:16,468
DA:17,468
DA:18,468
DA:19,468
DA:20,162
DA:21,13
DA:22,13
DA:23,149
DA:24,149
DA:25,468
DA:26,468
DA:27,98
DA:28,98
DA:29,98
DA:30,6
DA:31,6
DA:32,6
DA:33,6
DA:34,6
DA:35,96
DA:36,29
DA:37,29
DA:38,63
DA:39,63
DA:40,63
DA:41,468
DA:42,468
DA:43,98
DA:44,98
DA:45,98
DA:46,98
DA:47,98
DA:48,468
DA:49,468
LF:49
LH:49
BRDA:15,0,0,468
BRDA:19,1,0,162
BRDA:20,2,0,156
BRDA:20,3,0,13
BRDA:23,4,0,149
BRDA:26,5,0,98
BRDA:29,6,0,96
BRDA:29,7,0,6
BRDA:35,8,0,92
BRDA:35,9,0,29
BRDA:38,10,0,63
BRDA:42,11,0,98
BRF:12
BRH:12
end_of_record
TN:
SF:src/shared/pipes/object-id.pipe.ts
FN:11,transform
FNF:1
FNH:1
FNDA:170,transform
DA:1,1
DA:2,1
DA:3,1
DA:4,1
DA:5,1
DA:6,1
DA:7,1
DA:8,1
DA:9,1
DA:10,1
DA:11,1
DA:12,170
DA:13,167
DA:14,167
DA:15,3
DA:16,3
DA:17,1
LF:17
LH:17
BRDA:11,0,0,170
BRDA:12,1,0,167
BRDA:15,2,0,3
BRF:3
BRH:3
end_of_record
TN:
SF:src/shared/validators/is-eth-address.validator.ts
FN:13,validate
FN:17,defaultMessage
FN:22,IsEthAddress
FNF:3
FNH:3
FNDA:112,validate
FNDA:9,defaultMessage
FNDA:60,IsEthAddress
DA:1,1
DA:2,1
DA:3,1
DA:4,1
DA:5,1
DA:6,1
DA:7,1
DA:8,1
DA:9,1
DA:10,1
DA:11,1
DA:12,1
DA:13,1
DA:14,112
DA:15,112
DA:16,1
DA:17,1
DA:18,9
DA:19,9
DA:20,1
DA:21,1
DA:22,60
DA:23,60
DA:24,60
DA:25,60
DA:26,60
DA:27,60
DA:28,60
DA:29,60
DA:30,60
DA:31,60
DA:32,60
LF:32
LH:32
BRDA:13,0,0,112
BRDA:17,1,0,9
BRDA:22,2,0,60
BRDA:23,3,0,60
BRF:4
BRH:4
end_of_record
TN:
SF:src/shared/validators/is-object-id.validator.ts
FN:13,validate
FN:17,defaultMessage
FN:22,IsObjectId
FNF:3
FNH:3
FNDA:30,validate
FNDA:2,defaultMessage
FNDA:60,IsObjectId
DA:1,1
DA:2,1
DA:3,1
DA:4,1
DA:5,1
DA:6,1
DA:7,1
DA:8,1
DA:9,1
DA:10,1
DA:11,1
DA:12,1
DA:13,1
DA:14,30
DA:15,30
DA:16,1
DA:17,1
DA:18,2
DA:19,2
DA:20,1
DA:21,1
DA:22,60
DA:23,60
DA:24,60
DA:25,60
DA:26,60
DA:27,60
DA:28,60
DA:29,60
DA:30,60
DA:31,60
DA:32,60
LF:32
LH:32
BRDA:13,0,0,30
BRDA:17,1,0,2
BRDA:22,2,0,60
BRDA:23,3,0,60
BRF:4
BRH:4
end_of_record
TN:
SF:src/useraccounts/useraccounts.controller.ts
FN:48,UserAccountsController
FN:58,create
FN:70,findAll
FN:89,export
FN:142,findOne
FN:156,update
FNF:6
FNH:6
FNDA:24,UserAccountsController
FNDA:17,create
FNDA:2,findAll
FNDA:3,export
FNDA:1,findOne
FNDA:6,update
DA:1,1
DA:2,1
DA:3,1
DA:4,1
DA:5,1
DA:6,1
DA:7,1
DA:8,1
DA:9,1
DA:10,1
DA:11,1
DA:12,1
DA:13,1
DA:14,1
DA:15,1
DA:16,1
DA:17,1
DA:18,1
DA:19,1
DA:20,1
DA:21,1
DA:22,1
DA:23,1
DA:24,1
DA:25,1
DA:26,1
DA:27,1
DA:28,1
DA:29,1
DA:30,1
DA:31,1
DA:32,1
DA:33,1
DA:34,1
DA:35,1
DA:36,1
DA:37,1
DA:38,1
DA:39,1
DA:40,1
DA:41,1
DA:42,1
DA:43,1
DA:44,1
DA:45,1
DA:46,1
DA:47,1
DA:48,1
DA:49,1
DA:50,1
DA:51,1
DA:52,1
DA:53,1
DA:54,1
DA:55,1
DA:56,1
DA:57,1
DA:58,1
DA:59,17
DA:60,17
DA:61,17
DA:62,17
DA:63,1
DA:64,1
DA:65,1
DA:66,1
DA:67,1
DA:68,1
DA:69,1
DA:70,1
DA:71,2
DA:72,2
DA:73,2
DA:74,2
DA:75,1
DA:76,1
DA:77,1
DA:78,1
DA:79,1
DA:80,1
DA:81,1
DA:82,1
DA:83,1
DA:84,1
DA:85,1
DA:86,1
DA:87,1
DA:88,1
DA:89,1
DA:90,3
DA:91,3
DA:92,3
DA:93,3
DA:94,3
DA:95,3
DA:96,3
DA:97,3
DA:98,3
DA:99,3
DA:100,3
DA:101,3
DA:102,3
DA:103,3
DA:104,3
DA:105,3
DA:106,3
DA:107,1
DA:108,1
DA:109,1
DA:110,1
DA:111,1
DA:112,1
DA:113,1
DA:114,1
DA:115,1
DA:116,1
DA:117,1
DA:118,1
DA:119,1
DA:120,3
DA:121,3
DA:122,3
DA:123,3
DA:124,3
DA:125,3
DA:126,3
DA:127,3
DA:128,3
DA:129,1
DA:130,1
DA:131,1
DA:132,1
DA:133,1
DA:134,1
DA:135,1
DA:136,1
DA:137,1
DA:138,1
DA:139,1
DA:140,1
DA:141,1
DA:142,1
DA:143,1
DA:144,1
DA:145,1
DA:146,1
DA:147,1
DA:148,1
DA:149,1
DA:150,1
DA:151,1
DA:152,1
DA:153,1
DA:154,1
DA:155,1
DA:156,1
DA:157,6
DA:158,6
DA:159,6
DA:160,6
DA:161,6
DA:162,1
LF:162
LH:162
BRDA:48,0,0,24
BRDA:58,1,0,17
BRDA:70,2,0,2
BRDA:89,3,0,3
BRDA:93,4,0,0
BRDA:106,5,0,1
BRDA:142,6,0,1
BRDA:156,7,0,6
BRF:8
BRH:7
end_of_record
TN:
SF:src/useraccounts/useraccounts.service.ts
FN:25,UserAccountsService
FN:31,getModel
FN:41,create
FN:70,findOneById
FN:80,findAll
FN:88,findLatest
FN:102,update
FN:155,generateAllExports
FNF:8
FNH:8
FNDA:24,UserAccountsService
FNDA:885,getModel
FNDA:17,create
FNDA:1,findOneById
FNDA:2,findAll
FNDA:3,findLatest
FNDA:8,update
FNDA:1,generateAllExports
DA:1,1
DA:2,1
DA:3,1
DA:4,1
DA:5,1
DA:6,1
DA:7,1
DA:8,1
DA:9,1
DA:10,1
DA:11,1
DA:12,1
DA:13,1
DA:14,1
DA:15,1
DA:16,1
DA:17,1
DA:18,1
DA:19,1
DA:20,1
DA:21,1
DA:22,1
DA:23,1
DA:24,1
DA:25,1
DA:26,24
DA:27,24
DA:28,24
DA:29,24
DA:30,1
DA:31,1
DA:32,885
DA:33,885
DA:34,1
DA:35,1
DA:36,1
DA:37,1
DA:38,1
DA:39,1
DA:40,1
DA:41,1
DA:42,17
DA:43,17
DA:44,17
DA:45,17
DA:46,17
DA:47,17
DA:48,17
DA:49,17
DA:50,17
DA:51,3
DA:52,3
DA:53,3
DA:54,3
DA:55,14
DA:56,14
DA:57,14
DA:58,6
DA:59,6
DA:60,6
DA:61,6
DA:62,6
DA:63,6
DA:64,6
DA:65,6
DA:66,1
DA:67,1
DA:68,1
DA:69,1
DA:70,1
DA:71,1
DA:72,1
DA:73,1
DA:74,1
DA:75,1
DA:76,1
DA:77,1
DA:78,1
DA:79,1
DA:80,1
DA:81,2
DA:82,2
DA:83,2
DA:84,1
DA:85,1
DA:86,1
DA:87,1
DA:88,1
DA:89,3
DA:90,3
DA:91,3
DA:92,3
DA:93,3
DA:94,3
DA:95,3
DA:96,3
DA:97,3
DA:98,1
DA:99,1
DA:100,1
DA:101,1
DA:102,1
DA:103,8
DA:104,8
DA:105,8
DA:106,8
DA:107,8
DA:108,8
DA:109,8
DA:110,8
DA:111,8
DA:112,8
DA:113,3
DA:114,3
DA:115,3
DA:116,3
DA:117,1
DA:118,1
DA:119,1
DA:120,1
DA:121,3
DA:122,7
DA:123,7
DA:124,8
DA:125,6
DA:126,6
DA:127,6
DA:128,6
DA:129,6
DA:130,6
DA:131,6
DA:132,2
DA:133,2
DA:134,2
DA:135,2
DA:136,6
DA:137,5
DA:138,8
DA:139,10
DA:140,10
DA:141,5
DA:142,5
DA:143,3
DA:144,3
DA:145,3
DA:146,3
DA:147,3
DA:148,3
DA:149,3
DA:150,3
DA:151,1
DA:152,1
DA:153,1
DA:154,1
DA:155,1
DA:156,1
DA:157,1
DA:158,1
DA:159,1
DA:160,1
DA:161,1
DA:162,1
DA:163,1
DA:164,1
DA:165,1
DA:166,1
DA:167,1
DA:168,1
DA:169,1
DA:170,1
DA:171,1
DA:172,0
DA:173,0
DA:174,0
DA:175,0
DA:176,1
DA:177,1
DA:178,1
DA:179,1
DA:180,1
DA:181,1
DA:182,1
DA:183,1
DA:184,1
DA:185,1
DA:186,1
DA:187,1
DA:188,1
DA:189,1
DA:190,1
DA:191,1
DA:192,1
DA:193,1
DA:194,1
DA:195,1
LF:195
LH:191
BRDA:25,0,0,24
BRDA:31,1,0,885
BRDA:41,2,0,17
BRDA:50,3,0,3
BRDA:55,4,0,14
BRDA:58,5,0,6
BRDA:70,6,0,1
BRDA:73,7,0,0
BRDA:80,8,0,2
BRDA:81,9,0,0
BRDA:88,10,0,3
BRDA:95,11,0,0
BRDA:102,12,0,8
BRDA:109,13,0,0
BRDA:112,14,0,3
BRDA:116,15,0,1
BRDA:116,16,0,1
BRDA:122,17,0,7
BRDA:124,18,0,6
BRDA:124,19,0,3
BRDA:124,20,0,6
BRDA:131,21,0,2
BRDA:137,22,0,5
BRDA:138,23,0,10
BRDA:141,24,0,5
BRDA:143,25,0,3
BRDA:155,26,0,1
BRDA:171,27,0,0
BRF:28
BRH:23
end_of_record
TN:
SF:src/users/users.controller.ts
FN:47,UsersController
FN:60,export
FN:107,findAll
FN:121,findOne
FN:141,update
FN:157,addRole
FN:173,removeRole
FNF:7
FNH:7
FNDA:24,UsersController
FNDA:3,export
FNDA:3,findAll
FNDA:6,findOne
FNDA:7,update
FNDA:2,addRole
FNDA:4,removeRole
DA:1,1
DA:2,1
DA:3,1
DA:4,1
DA:5,1
DA:6,1
DA:7,1
DA:8,1
DA:9,1
DA:10,1
DA:11,1
DA:12,1
DA:13,1
DA:14,1
DA:15,1
DA:16,1
DA:17,1
DA:18,1
DA:19,1
DA:20,1
DA:21,1
DA:22,1
DA:23,1
DA:24,1
DA:25,1
DA:26,1
DA:27,1
DA:28,1
DA:29,1
DA:30,1
DA:31,1
DA:32,1
DA:33,1
DA:34,1
DA:35,1
DA:36,1
DA:37,1
DA:38,1
DA:39,1
DA:40,1
DA:41,1
DA:42,1
DA:43,1
DA:44,1
DA:45,1
DA:46,1
DA:47,1
DA:48,1
DA:49,1
DA:50,1
DA:51,1
DA:52,1
DA:53,1
DA:54,1
DA:55,1
DA:56,1
DA:57,1
DA:58,1
DA:59,1
DA:60,1
DA:61,3
DA:62,3
DA:63,3
DA:64,3
DA:65,3
DA:66,3
DA:67,3
DA:68,3
DA:69,3
DA:70,3
DA:71,3
DA:72,3
DA:73,3
DA:74,3
DA:75,3
DA:76,1
DA:77,1
DA:78,1
DA:79,1
DA:80,1
DA:81,1
DA:82,1
DA:83,1
DA:84,1
DA:85,1
DA:86,1
DA:87,1
DA:88,1
DA:89,3
DA:90,3
DA:91,3
DA:92,3
DA:93,3
DA:94,3
DA:95,3
DA:96,3
DA:97,3
DA:98,1
DA:99,1
DA:100,1
DA:101,1
DA:102,1
DA:103,1
DA:104,1
DA:105,1
DA:106,1
DA:107,1
DA:108,3
DA:109,3
DA:110,3
DA:111,1
DA:112,1
DA:113,1
DA:114,1
DA:115,1
DA:116,1
DA:117,1
DA:118,1
DA:119,1
DA:120,1
DA:121,1
DA:122,6
DA:123,6
DA:124,6
DA:125,6
DA:126,5
DA:127,5
DA:128,1
DA:129,1
DA:130,1
DA:131,1
DA:132,1
DA:133,1
DA:134,1
DA:135,1
DA:136,1
DA:137,1
DA:138,1
DA:139,1
DA:140,1
DA:141,1
DA:142,7
DA:143,7
DA:144,7
DA:145,7
DA:146,7
DA:147,1
DA:148,1
DA:149,1
DA:150,1
DA:151,1
DA:152,1
DA:153,1
DA:154,1
DA:155,1
DA:156,1
DA:157,1
DA:158,2
DA:159,2
DA:160,2
DA:161,2
DA:162,2
DA:163,1
DA:164,1
DA:165,1
DA:166,1
DA:167,1
DA:168,1
DA:169,1
DA:170,1
DA:171,1
DA:172,1
DA:173,1
DA:174,4
DA:175,4
DA:176,4
DA:177,4
DA:178,4
DA:179,1
LF:179
LH:179
BRDA:47,0,0,24
BRDA:60,1,0,3
BRDA:64,2,0,1
BRDA:75,3,0,1
BRDA:107,4,0,3
BRDA:121,5,0,6
BRDA:125,6,0,5
BRDA:125,7,0,0
BRDA:126,8,0,5
BRDA:141,9,0,7
BRDA:157,10,0,2
BRDA:173,11,0,4
BRF:12
BRH:11
end_of_record
TN:
SF:src/users/users.service.ts
FN:34,UsersService
FN:325,UsersService.setEnvAdminUsers
FN:44,getModel
FN:48,findAll
FN:52,getUserStats
FN:94,findOne
FN:104,findOneById
FN:108,findOneByEth
FN:115,findLatest
FN:125,addRole
FN:151,removeRole
FN:211,update
FN:224,create
FN:242,generateValidUsername
FN:270,generateUserNameFromAccount
FN:288,generateAllExports
FNF:16
FNH:15
FNDA:24,UsersService
FNDA:0,UsersService.setEnvAdminUsers
FNDA:945,getModel
FNDA:3,findAll
FNDA:127,getUserStats
FNDA:136,findOne
FNDA:50,findOneById
FNDA:86,findOneByEth
FNDA:3,findLatest
FNDA:2,addRole
FNDA:4,removeRole
FNDA:44,update
FNDA:8,create
FNDA:914,generateValidUsername
FNDA:2,generateUserNameFromAccount
FNDA:1,generateAllExports
DA:1,1
DA:2,1
DA:3,1
DA:4,1
DA:5,1
DA:6,1
DA:7,1
DA:8,1
DA:9,1
DA:10,1
DA:11,1
DA:12,1
DA:13,1
DA:14,1
DA:15,1
DA:16,1
DA:17,1
DA:18,1
DA:19,1
DA:20,1
DA:21,1
DA:22,1
DA:23,1
DA:24,1
DA:25,1
DA:26,1
DA:27,1
DA:28,1
DA:29,1
DA:30,1
DA:31,1
DA:32,1
DA:33,1
DA:34,1
DA:35,24
DA:36,24
DA:37,24
DA:38,24
DA:39,24
DA:40,24
DA:41,24
DA:42,24
DA:43,1
DA:44,1
DA:45,945
DA:46,945
DA:47,1
DA:48,1
DA:49,3
DA:50,3
DA:51,1
DA:52,1
DA:53,127
DA:54,127
DA:55,127
DA:56,127
DA:57,127
DA:58,127
DA:59,127
DA:60,127
DA:61,127
DA:62,127
DA:63,127
DA:64,127
DA:65,127
DA:66,127
DA:67,127
DA:68,127
DA:69,127
DA:70,13
DA:71,13
DA:72,13
DA:73,13
DA:74,13
DA:75,13
DA:76,13
DA:77,13
DA:78,13
DA:79,13
DA:80,13
DA:81,13
DA:82,13
DA:83,13
DA:84,13
DA:85,13
DA:86,13
DA:87,127
DA:88,127
DA:89,127
DA:90,127
DA:91,127
DA:92,127
DA:93,1
DA:94,1
DA:95,136
DA:96,136
DA:97,136
DA:98,136
DA:99,136
DA:100,127
DA:101,127
DA:102,127
DA:103,1
DA:104,1
DA:105,50
DA:106,50
DA:107,1
DA:108,1
DA:109,86
DA:110,86
DA:111,1
DA:112,1
DA:113,1
DA:114,1
DA:115,1
DA:116,3
DA:117,3
DA:118,3
DA:119,3
DA:120,3
DA:121,3
DA:122,3
DA:123,3
DA:124,1
DA:125,1
DA:126,2
DA:127,2
DA:128,2
DA:129,2
DA:130,2
DA:131,2
DA:132,2
DA:133,2
DA:134,1
DA:135,1
DA:136,1
DA:137,1
DA:138,1
DA:139,1
DA:140,1
DA:141,1
DA:142,1
DA:143,1
DA:144,1
DA:145,1
DA:146,1
DA:147,1
DA:148,1
DA:149,1
DA:150,1
DA:151,1
DA:152,4
DA:153,4
DA:154,4
DA:155,4
DA:156,4
DA:157,4
DA:158,4
DA:159,4
DA:160,4
DA:161,4
DA:162,4
DA:163,1
DA:164,1
DA:165,1
DA:166,1
DA:167,1
DA:168,1
DA:169,1
DA:170,1
DA:171,1
DA:172,3
DA:173,3
DA:174,3
DA:175,4
DA:176,1
DA:177,1
DA:178,1
DA:179,2
DA:180,2
DA:181,2
DA:182,2
DA:183,2
DA:184,4
DA:185,1
DA:186,1
DA:187,1
DA:188,1
DA:189,1
DA:190,1
DA:191,1
DA:192,1
DA:193,1
DA:194,1
DA:195,1
DA:196,1
DA:197,1
DA:198,1
DA:199,1
DA:200,1
DA:201,1
DA:202,1
DA:203,1
DA:204,1
DA:205,1
DA:206,1
DA:207,1
DA:208,1
DA:209,1
DA:210,1
DA:211,1
DA:212,44
DA:213,44
DA:214,44
DA:215,44
DA:216,44
DA:217,44
DA:218,44
DA:219,44
DA:220,40
DA:221,40
DA:222,40
DA:223,1
DA:224,1
DA:225,8
DA:226,8
DA:227,8
DA:228,8
DA:229,8
DA:230,1
DA:231,1
DA:232,1
DA:233,1
DA:234,1
DA:235,1
DA:236,1
DA:237,1
DA:238,1
DA:239,1
DA:240,1
DA:241,1
DA:242,1
DA:243,914
DA:244,914
DA:245,914
DA:246,914
DA:247,914
DA:248,914
DA:249,914
DA:250,914
DA:251,914
DA:252,914
DA:253,0
DA:254,0
DA:255,914
DA:256,914
DA:257,914
DA:258,0
DA:259,0
DA:260,0
DA:261,0
DA:262,1
DA:263,1
DA:264,1
DA:265,1
DA:266,1
DA:267,1
DA:268,1
DA:269,1
DA:270,1
DA:271,2
DA:272,2
DA:273,2
DA:274,2
DA:275,2
DA:276,0
DA:277,2
DA:278,0
DA:279,2
DA:280,2
DA:281,2
DA:282,2
DA:283,2
DA:284,2
DA:285,1
DA:286,1
DA:287,1
DA:288,1
DA:289,1
DA:290,1
DA:291,1
DA:292,1
DA:293,1
DA:294,1
DA:295,1
DA:296,1
DA:297,1
DA:298,1
DA:299,1
DA:300,1
DA:301,1
DA:302,1
DA:303,1
DA:304,0
DA:305,0
DA:306,0
DA:307,0
DA:308,1
DA:309,1
DA:310,1
DA:311,1
DA:312,1
DA:313,1
DA:314,1
DA:315,1
DA:316,1
DA:317,1
DA:318,1
DA:319,1
DA:320,1
DA:321,1
DA:322,1
DA:323,1
DA:324,1
DA:325,1
DA:326,0
DA:327,0
DA:328,0
DA:329,0
DA:330,0
DA:331,0
DA:332,0
DA:333,0
DA:334,0
DA:335,0
DA:336,0
DA:337,0
DA:338,0
DA:339,0
DA:340,0
DA:341,0
DA:342,0
DA:343,0
DA:344,0
DA:345,0
DA:346,0
DA:347,0
DA:348,0
DA:349,0
DA:350,0
DA:351,0
DA:352,0
DA:353,0
DA:354,0
DA:355,0
DA:356,0
DA:357,0
DA:358,0
DA:359,0
DA:360,0
DA:361,0
DA:362,0
DA:363,1
DA:364,1
LF:364
LH:315
BRDA:34,0,0,24
BRDA:44,1,0,945
BRDA:48,2,0,3
BRDA:52,3,0,127
BRDA:53,4,0,121
BRDA:53,5,0,114
BRDA:54,6,0,13
BRDA:54,7,0,0
BRDA:54,8,0,13
BRDA:70,9,0,13
BRDA:87,10,0,13
BRDA:87,11,0,0
BRDA:87,12,0,13
BRDA:88,13,0,13
BRDA:88,14,0,13
BRDA:88,15,0,0
BRDA:88,16,0,13
BRDA:89,17,0,13
BRDA:89,18,0,13
BRDA:89,19,0,0
BRDA:89,20,0,13
BRDA:90,21,0,13
BRDA:90,22,0,13
BRDA:90,23,0,0
BRDA:90,24,0,13
BRDA:54,25,0,19
BRDA:94,26,0,136
BRDA:99,27,0,134
BRDA:99,28,0,9
BRDA:100,29,0,127
BRDA:104,30,0,50
BRDA:108,31,0,86
BRDA:115,32,0,3
BRDA:121,33,0,0
BRDA:125,34,0,2
BRDA:130,35,0,0
BRDA:133,36,0,1
BRDA:151,37,0,4
BRDA:156,38,0,0
BRDA:162,39,0,1
BRDA:172,40,0,3
BRDA:175,41,0,1
BRDA:179,42,0,2
BRDA:184,43,0,1
BRDA:186,44,0,1
BRDA:211,45,0,44
BRDA:213,46,0,0
BRDA:220,47,0,40
BRDA:224,48,0,8
BRDA:242,49,0,914
BRDA:252,50,0,0
BRDA:258,51,0,0
BRDA:270,52,0,2
BRDA:275,53,0,0
BRDA:277,54,0,0
BRDA:288,55,0,1
BRDA:303,56,0,0
BRF:57
BRH:43
end_of_record
TN:
SF:src/users/utils/is-valid-username.ts
FN:11,isValidUsername
FNF:1
FNH:1
FNDA:958,isValidUsername
DA:1,1
DA:2,1
DA:3,1
DA:4,1
DA:5,1
DA:6,1
DA:7,1
DA:8,1
DA:9,1
DA:10,1
DA:11,958
DA:12,958
DA:13,958
DA:14,958
LF:14
LH:14
BRDA:11,0,0,958
BRF:1
BRH:1
end_of_record
